<?xml version="1.0"?><coverage lines-covered="4810" lines-valid="7222" line-rate="0.6405357078662965" branches-covered="0" branches-valid="0" branch-rate="0" complexity="0" version="1.9" timestamp="1594126973"><sources><source>/home/sircipher/Desktop/work/swim-rust</source></sources><packages><package name="client/src/downlink/typed/event" line-rate="0.9574468085106383" branch-rate="0" complexity="0"><classes><class name="mod" filename="client/src/downlink/typed/event/mod.rs" line-rate="0.9574468085106383" branch-rate="0" complexity="0"><methods/><lines><line number="45" hits="3"/><line number="55" hits="1"/><line number="56" hits="1"/><line number="57" hits="1"/><line number="58" hits="2"/><line number="62" hits="1"/><line number="63" hits="1"/><line number="67" hits="2"/><line number="68" hits="2"/><line number="72" hits="2"/><line number="73" hits="6"/><line number="74" hits="4"/><line number="75" hits="4"/><line number="76" hits="0"/><line number="82" hits="1"/><line number="83" hits="1"/><line number="85" hits="2"/><line number="91" hits="1"/><line number="92" hits="1"/><line number="93" hits="3"/><line number="94" hits="1"/><line number="96" hits="1"/><line number="102" hits="1"/><line number="103" hits="1"/><line number="104" hits="3"/><line number="105" hits="1"/><line number="107" hits="1"/><line number="113" hits="2"/><line number="114" hits="2"/><line number="115" hits="6"/><line number="116" hits="2"/><line number="118" hits="2"/><line number="125" hits="5"/><line number="126" hits="4"/><line number="127" hits="5"/><line number="128" hits="5"/><line number="129" hits="7"/><line number="130" hits="0"/><line number="131" hits="5"/><line number="136" hits="5"/><line number="137" hits="6"/><line number="138" hits="6"/><line number="139" hits="3"/><line number="140" hits="1"/><line number="141" hits="1"/><line number="142" hits="1"/><line number="143" hits="1"/></lines></class></classes></package><package name="common/src/model/parser/token_buffer" line-rate="0.8113207547169812" branch-rate="0" complexity="0"><classes><class name="mod" filename="common/src/model/parser/token_buffer/mod.rs" line-rate="0.8113207547169812" branch-rate="0" complexity="0"><methods/><lines><line number="50" hits="15"/><line number="51" hits="15"/><line number="52" hits="32"/><line number="53" hits="3"/><line number="59" hits="2"/><line number="60" hits="4"/><line number="61" hits="4"/><line number="62" hits="4"/><line number="77" hits="5"/><line number="89" hits="6"/><line number="90" hits="0"/><line number="91" hits="6"/><line number="92" hits="5"/><line number="93" hits="5"/><line number="94" hits="6"/><line number="95" hits="6"/><line number="96" hits="0"/><line number="97" hits="6"/><line number="98" hits="0"/><line number="100" hits="17"/><line number="101" hits="6"/><line number="103" hits="8"/><line number="104" hits="8"/><line number="105" hits="5"/><line number="107" hits="0"/><line number="108" hits="4"/><line number="109" hits="2"/><line number="114" hits="10"/><line number="115" hits="11"/><line number="118" hits="13"/><line number="119" hits="0"/><line number="120" hits="13"/><line number="121" hits="14"/><line number="122" hits="14"/><line number="123" hits="0"/><line number="124" hits="0"/><line number="125" hits="14"/><line number="126" hits="0"/><line number="128" hits="14"/><line number="132" hits="1"/><line number="133" hits="1"/><line number="136" hits="1"/><line number="137" hits="1"/><line number="140" hits="1"/><line number="141" hits="1"/><line number="161" hits="4"/><line number="163" hits="1"/><line number="173" hits="5"/><line number="174" hits="0"/><line number="175" hits="1"/><line number="176" hits="5"/><line number="177" hits="1"/><line number="178" hits="5"/><line number="179" hits="1"/><line number="180" hits="0"/><line number="181" hits="5"/><line number="182" hits="5"/><line number="183" hits="5"/><line number="184" hits="1"/><line number="185" hits="5"/><line number="187" hits="0"/><line number="188" hits="1"/><line number="189" hits="1"/><line number="190" hits="1"/><line number="192" hits="0"/><line number="194" hits="5"/><line number="195" hits="1"/><line number="197" hits="7"/><line number="200" hits="2"/><line number="201" hits="5"/><line number="202" hits="2"/><line number="204" hits="1"/><line number="208" hits="1"/><line number="209" hits="0"/><line number="210" hits="1"/><line number="211" hits="1"/><line number="212" hits="1"/><line number="213" hits="1"/><line number="214" hits="0"/><line number="215" hits="0"/><line number="216" hits="1"/><line number="217" hits="0"/><line number="219" hits="2"/><line number="220" hits="1"/><line number="222" hits="1"/><line number="223" hits="4"/><line number="224" hits="1"/><line number="226" hits="2"/><line number="231" hits="1"/><line number="232" hits="0"/><line number="233" hits="1"/><line number="234" hits="1"/><line number="235" hits="1"/><line number="236" hits="1"/><line number="237" hits="0"/><line number="238" hits="0"/><line number="239" hits="1"/><line number="240" hits="0"/><line number="242" hits="2"/><line number="243" hits="1"/><line number="245" hits="1"/><line number="246" hits="1"/><line number="250" hits="2"/><line number="251" hits="2"/><line number="254" hits="1"/><line number="255" hits="1"/></lines></class></classes></package><package name="client/src/downlink/typed/any" line-rate="0" branch-rate="0" complexity="0"><classes><class name="mod" filename="client/src/downlink/typed/any/mod.rs" line-rate="0" branch-rate="0" complexity="0"><methods/><lines><line number="35" hits="0"/><line number="36" hits="0"/><line number="37" hits="0"/><line number="38" hits="0"/><line number="39" hits="0"/><line number="67" hits="0"/><line number="68" hits="0"/><line number="69" hits="0"/><line number="70" hits="0"/><line number="71" hits="0"/></lines></class></classes></package><package name="client/src/downlink/model/map" line-rate="0.851258581235698" branch-rate="0" complexity="0"><classes><class name="mod" filename="client/src/downlink/model/map/mod.rs" line-rate="0.851258581235698" branch-rate="0" complexity="0"><methods/><lines><line number="63" hits="1"/><line number="64" hits="4"/><line number="65" hits="2"/><line number="66" hits="1"/><line number="67" hits="1"/><line number="68" hits="1"/><line number="69" hits="1"/><line number="73" hits="3"/><line number="74" hits="6"/><line number="75" hits="4"/><line number="76" hits="1"/><line number="77" hits="1"/><line number="78" hits="1"/><line number="79" hits="2"/><line number="83" hits="1"/><line number="85" hits="3"/><line number="86" hits="1"/><line number="87" hits="1"/><line number="88" hits="1"/><line number="90" hits="2"/><line number="91" hits="5"/><line number="92" hits="0"/><line number="93" hits="1"/><line number="94" hits="1"/><line number="95" hits="1"/><line number="96" hits="0"/><line number="97" hits="1"/><line number="98" hits="1"/><line number="99" hits="1"/><line number="100" hits="1"/><line number="101" hits="2"/><line number="103" hits="0"/><line number="104" hits="0"/><line number="105" hits="0"/><line number="107" hits="0"/><line number="109" hits="2"/><line number="110" hits="2"/><line number="112" hits="4"/><line number="113" hits="2"/><line number="114" hits="2"/><line number="115" hits="0"/><line number="118" hits="2"/><line number="120" hits="1"/><line number="123" hits="0"/><line number="126" hits="0"/><line number="127" hits="0"/><line number="134" hits="6"/><line number="135" hits="12"/><line number="137" hits="14"/><line number="138" hits="0"/><line number="140" hits="7"/><line number="142" hits="8"/><line number="144" hits="14"/><line number="145" hits="7"/><line number="146" hits="6"/><line number="150" hits="7"/><line number="151" hits="0"/><line number="154" hits="8"/><line number="156" hits="7"/><line number="158" hits="16"/><line number="159" hits="7"/><line number="160" hits="8"/><line number="161" hits="7"/><line number="162" hits="8"/><line number="163" hits="7"/><line number="170" hits="1"/><line number="171" hits="1"/><line number="172" hits="2"/><line number="173" hits="4"/><line number="174" hits="2"/><line number="175" hits="4"/><line number="177" hits="1"/><line number="178" hits="0"/><line number="182" hits="1"/><line number="183" hits="0"/><line number="188" hits="1"/><line number="192" hits="2"/><line number="193" hits="1"/><line number="194" hits="2"/><line number="195" hits="1"/><line number="197" hits="0"/><line number="198" hits="0"/><line number="203" hits="1"/><line number="204" hits="2"/><line number="205" hits="1"/><line number="207" hits="0"/><line number="208" hits="0"/><line number="213" hits="0"/><line number="214" hits="0"/><line number="220" hits="1"/><line number="221" hits="1"/><line number="224" hits="1"/><line number="225" hits="1"/><line number="226" hits="1"/><line number="229" hits="1"/><line number="230" hits="1"/><line number="231" hits="1"/><line number="234" hits="1"/><line number="235" hits="1"/><line number="238" hits="2"/><line number="239" hits="2"/><line number="240" hits="1"/><line number="241" hits="2"/><line number="242" hits="1"/><line number="243" hits="1"/><line number="244" hits="1"/><line number="246" hits="1"/><line number="251" hits="5"/><line number="252" hits="4"/><line number="253" hits="6"/><line number="254" hits="1"/><line number="255" hits="1"/><line number="256" hits="1"/><line number="257" hits="2"/><line number="307" hits="1"/><line number="315" hits="1"/><line number="323" hits="2"/><line number="327" hits="1"/><line number="331" hits="2"/><line number="334" hits="2"/><line number="338" hits="1"/><line number="346" hits="1"/><line number="353" hits="1"/><line number="354" hits="1"/><line number="358" hits="1"/><line number="366" hits="1"/><line number="373" hits="1"/><line number="374" hits="1"/><line number="378" hits="1"/><line number="382" hits="2"/><line number="384" hits="2"/><line number="388" hits="1"/><line number="392" hits="2"/><line number="402" hits="0"/><line number="414" hits="0"/><line number="420" hits="0"/><line number="426" hits="0"/><line number="432" hits="4"/><line number="443" hits="0"/><line number="444" hits="4"/><line number="445" hits="4"/><line number="449" hits="3"/><line number="460" hits="0"/><line number="461" hits="3"/><line number="462" hits="3"/><line number="466" hits="0"/><line number="474" hits="0"/><line number="475" hits="0"/><line number="476" hits="0"/><line number="482" hits="0"/><line number="483" hits="0"/><line number="484" hits="0"/><line number="485" hits="0"/><line number="487" hits="0"/><line number="488" hits="0"/><line number="489" hits="0"/><line number="491" hits="0"/><line number="492" hits="0"/><line number="494" hits="0"/><line number="495" hits="0"/><line number="496" hits="0"/><line number="497" hits="0"/><line number="498" hits="0"/><line number="499" hits="0"/><line number="500" hits="0"/><line number="501" hits="0"/><line number="502" hits="0"/><line number="503" hits="0"/><line number="505" hits="0"/><line number="530" hits="1"/><line number="532" hits="1"/><line number="537" hits="1"/><line number="539" hits="1"/><line number="540" hits="1"/><line number="544" hits="1"/><line number="546" hits="1"/><line number="547" hits="1"/><line number="551" hits="1"/><line number="553" hits="1"/><line number="554" hits="1"/><line number="558" hits="1"/><line number="560" hits="3"/><line number="561" hits="1"/><line number="565" hits="2"/><line number="567" hits="2"/><line number="605" hits="2"/><line number="622" hits="4"/><line number="623" hits="2"/><line number="624" hits="2"/><line number="626" hits="2"/><line number="627" hits="2"/><line number="629" hits="2"/><line number="634" hits="1"/><line number="650" hits="2"/><line number="651" hits="1"/><line number="652" hits="1"/><line number="654" hits="1"/><line number="655" hits="1"/><line number="656" hits="1"/><line number="661" hits="1"/><line number="678" hits="2"/><line number="679" hits="1"/><line number="680" hits="1"/><line number="682" hits="1"/><line number="683" hits="1"/><line number="685" hits="1"/><line number="694" hits="4"/><line number="696" hits="4"/><line number="707" hits="1"/><line number="714" hits="1"/><line number="726" hits="1"/><line number="727" hits="1"/><line number="730" hits="1"/><line number="731" hits="1"/><line number="734" hits="1"/><line number="739" hits="4"/><line number="740" hits="2"/><line number="741" hits="3"/><line number="742" hits="3"/><line number="743" hits="1"/><line number="744" hits="1"/><line number="746" hits="2"/><line number="749" hits="2"/><line number="752" hits="3"/><line number="753" hits="3"/><line number="754" hits="1"/><line number="755" hits="1"/><line number="757" hits="2"/><line number="760" hits="2"/><line number="761" hits="1"/><line number="762" hits="1"/><line number="764" hits="1"/><line number="765" hits="1"/><line number="766" hits="1"/><line number="768" hits="0"/><line number="769" hits="1"/><line number="770" hits="1"/><line number="775" hits="1"/><line number="780" hits="5"/><line number="781" hits="2"/><line number="782" hits="3"/><line number="783" hits="3"/><line number="784" hits="1"/><line number="785" hits="1"/><line number="787" hits="2"/><line number="790" hits="2"/><line number="793" hits="3"/><line number="794" hits="3"/><line number="795" hits="1"/><line number="796" hits="1"/><line number="798" hits="2"/><line number="801" hits="2"/><line number="802" hits="1"/><line number="803" hits="2"/><line number="805" hits="1"/><line number="806" hits="1"/><line number="807" hits="2"/><line number="809" hits="0"/><line number="810" hits="1"/><line number="811" hits="1"/><line number="816" hits="2"/><line number="822" hits="2"/><line number="823" hits="2"/><line number="824" hits="0"/><line number="825" hits="2"/><line number="830" hits="2"/><line number="838" hits="4"/><line number="839" hits="5"/><line number="840" hits="2"/><line number="841" hits="3"/><line number="842" hits="4"/><line number="844" hits="2"/><line number="845" hits="0"/><line number="846" hits="0"/><line number="851" hits="3"/><line number="860" hits="2"/><line number="861" hits="5"/><line number="862" hits="6"/><line number="863" hits="2"/><line number="864" hits="3"/><line number="866" hits="2"/><line number="867" hits="0"/><line number="868" hits="0"/><line number="873" hits="2"/><line number="879" hits="19"/><line number="880" hits="3"/><line number="881" hits="6"/><line number="883" hits="1"/><line number="884" hits="1"/><line number="886" hits="5"/><line number="888" hits="1"/><line number="889" hits="1"/><line number="892" hits="4"/><line number="896" hits="6"/><line number="897" hits="6"/><line number="899" hits="3"/><line number="902" hits="3"/><line number="903" hits="3"/><line number="904" hits="3"/><line number="906" hits="3"/><line number="910" hits="5"/><line number="911" hits="3"/><line number="913" hits="1"/><line number="914" hits="1"/><line number="917" hits="6"/><line number="918" hits="2"/><line number="919" hits="2"/><line number="920" hits="2"/><line number="922" hits="0"/><line number="923" hits="0"/><line number="925" hits="4"/><line number="927" hits="1"/><line number="928" hits="1"/><line number="929" hits="1"/><line number="931" hits="1"/><line number="934" hits="2"/><line number="938" hits="3"/><line number="941" hits="2"/><line number="942" hits="2"/><line number="946" hits="0"/><line number="947" hits="1"/><line number="948" hits="2"/><line number="951" hits="1"/><line number="952" hits="1"/><line number="953" hits="1"/><line number="955" hits="3"/><line number="958" hits="2"/><line number="961" hits="4"/><line number="962" hits="3"/><line number="966" hits="0"/><line number="967" hits="1"/><line number="968" hits="4"/><line number="971" hits="1"/><line number="972" hits="3"/><line number="973" hits="3"/><line number="975" hits="7"/><line number="978" hits="3"/><line number="979" hits="5"/><line number="980" hits="2"/><line number="981" hits="2"/><line number="983" hits="0"/><line number="984" hits="0"/><line number="987" hits="2"/><line number="988" hits="2"/><line number="989" hits="2"/><line number="991" hits="2"/><line number="994" hits="6"/><line number="995" hits="1"/><line number="996" hits="1"/><line number="998" hits="2"/><line number="999" hits="4"/><line number="1000" hits="2"/><line number="1002" hits="2"/><line number="1003" hits="2"/><line number="1004" hits="2"/><line number="1005" hits="2"/><line number="1006" hits="2"/><line number="1008" hits="4"/><line number="1009" hits="1"/><line number="1011" hits="4"/><line number="1012" hits="1"/><line number="1013" hits="1"/><line number="1014" hits="5"/><line number="1015" hits="3"/><line number="1016" hits="1"/><line number="1017" hits="1"/><line number="1019" hits="2"/><line number="1020" hits="3"/><line number="1023" hits="1"/><line number="1025" hits="2"/><line number="1026" hits="1"/><line number="1027" hits="2"/><line number="1028" hits="3"/><line number="1034" hits="2"/><line number="1035" hits="2"/><line number="1036" hits="2"/><line number="1037" hits="2"/><line number="1038" hits="1"/><line number="1040" hits="5"/><line number="1041" hits="1"/><line number="1043" hits="2"/><line number="1044" hits="2"/><line number="1045" hits="4"/><line number="1046" hits="5"/><line number="1047" hits="3"/><line number="1048" hits="1"/><line number="1049" hits="1"/><line number="1051" hits="2"/><line number="1052" hits="3"/><line number="1055" hits="1"/><line number="1057" hits="2"/><line number="1058" hits="1"/><line number="1059" hits="2"/><line number="1064" hits="1"/><line number="1065" hits="3"/><line number="1066" hits="3"/><line number="1068" hits="2"/><line number="1069" hits="3"/><line number="1071" hits="1"/><line number="1077" hits="4"/><line number="1078" hits="1"/><line number="1080" hits="1"/><line number="1084" hits="2"/><line number="1099" hits="5"/><line number="1100" hits="7"/><line number="1101" hits="3"/><line number="1102" hits="6"/><line number="1103" hits="6"/><line number="1104" hits="7"/><line number="1106" hits="5"/><line number="1107" hits="9"/><line number="1110" hits="3"/><line number="1111" hits="2"/><line number="1112" hits="2"/><line number="1114" hits="3"/><line number="1117" hits="2"/><line number="1118" hits="4"/><line number="1119" hits="4"/><line number="1120" hits="6"/><line number="1122" hits="4"/><line number="1123" hits="6"/><line number="1126" hits="2"/><line number="1127" hits="2"/><line number="1128" hits="2"/><line number="1130" hits="2"/><line number="1133" hits="0"/><line number="1137" hits="2"/><line number="1142" hits="2"/><line number="1143" hits="2"/><line number="1144" hits="6"/><line number="1146" hits="0"/><line number="1150" hits="2"/><line number="1156" hits="6"/><line number="1157" hits="2"/><line number="1158" hits="2"/><line number="1161" hits="1"/><line number="1162" hits="3"/></lines></class></classes></package><package name="client/src/downlink/watch_adapter" line-rate="0.7633136094674556" branch-rate="0" complexity="0"><classes><class name="mod" filename="client/src/downlink/watch_adapter/mod.rs" line-rate="0.8787878787878788" branch-rate="0" complexity="0"><methods/><lines><line number="29" hits="3"/><line number="30" hits="10"/><line number="31" hits="14"/><line number="41" hits="3"/><line number="48" hits="3"/><line number="49" hits="3"/><line number="50" hits="6"/><line number="51" hits="3"/><line number="52" hits="3"/><line number="65" hits="3"/><line number="72" hits="16"/><line number="73" hits="0"/><line number="74" hits="14"/><line number="75" hits="2"/><line number="76" hits="2"/><line number="77" hits="4"/><line number="84" hits="12"/><line number="85" hits="0"/><line number="86" hits="11"/><line number="87" hits="6"/><line number="88" hits="1"/><line number="97" hits="2"/><line number="98" hits="2"/><line number="99" hits="4"/><line number="100" hits="4"/><line number="101" hits="0"/><line number="102" hits="5"/><line number="103" hits="8"/><line number="104" hits="5"/><line number="105" hits="6"/><line number="106" hits="2"/><line number="109" hits="0"/><line number="110" hits="1"/></lines></class></classes></package><package name="common/src/sink/item/comap" line-rate="1" branch-rate="0" complexity="0"><classes><class name="mod" filename="common/src/sink/item/comap/mod.rs" line-rate="1" branch-rate="0" complexity="0"><methods/><lines><line number="24" hits="10"/><line number="37" hits="8"/><line number="38" hits="8"/><line number="39" hits="8"/></lines></class></classes></package><package name="common/src/topic" line-rate="0.7058823529411765" branch-rate="0" complexity="0"><classes><class name="mod" filename="common/src/topic/mod.rs" line-rate="0.7058823529411765" branch-rate="0" complexity="0"><methods/><lines><line number="45" hits="0"/><line number="46" hits="0"/><line number="53" hits="0"/><line number="54" hits="0"/><line number="69" hits="0"/><line number="74" hits="0"/><line number="75" hits="0"/><line number="76" hits="0"/><line number="86" hits="0"/><line number="87" hits="0"/><line number="88" hits="0"/><line number="89" hits="0"/><line number="97" hits="1"/><line number="98" hits="3"/><line number="99" hits="2"/><line number="100" hits="4"/><line number="101" hits="0"/><line number="114" hits="2"/><line number="116" hits="2"/><line number="140" hits="2"/><line number="141" hits="4"/><line number="142" hits="3"/><line number="145" hits="3"/><line number="146" hits="1"/><line number="148" hits="1"/><line number="157" hits="0"/><line number="158" hits="0"/><line number="163" hits="2"/><line number="165" hits="2"/><line number="171" hits="4"/><line number="174" hits="7"/><line number="175" hits="7"/><line number="177" hits="3"/><line number="180" hits="4"/><line number="184" hits="3"/><line number="186" hits="4"/><line number="204" hits="7"/><line number="208" hits="0"/><line number="209" hits="0"/><line number="212" hits="0"/><line number="213" hits="0"/><line number="216" hits="0"/><line number="217" hits="0"/><line number="224" hits="1"/><line number="225" hits="1"/><line number="238" hits="6"/><line number="240" hits="6"/><line number="241" hits="6"/><line number="247" hits="7"/><line number="252" hits="14"/><line number="253" hits="15"/><line number="255" hits="7"/><line number="256" hits="7"/><line number="258" hits="7"/><line number="259" hits="7"/><line number="260" hits="7"/><line number="262" hits="7"/><line number="268" hits="4"/><line number="269" hits="8"/><line number="270" hits="4"/><line number="272" hits="4"/><line number="274" hits="4"/><line number="281" hits="1"/><line number="282" hits="1"/><line number="290" hits="2"/><line number="291" hits="2"/><line number="292" hits="2"/><line number="293" hits="2"/><line number="302" hits="1"/><line number="303" hits="2"/><line number="304" hits="1"/><line number="305" hits="1"/><line number="306" hits="4"/><line number="307" hits="1"/><line number="308" hits="1"/><line number="310" hits="0"/><line number="317" hits="0"/><line number="318" hits="0"/><line number="320" hits="0"/><line number="321" hits="0"/><line number="330" hits="1"/><line number="331" hits="2"/><line number="332" hits="2"/><line number="333" hits="1"/><line number="335" hits="1"/><line number="343" hits="3"/><line number="344" hits="3"/><line number="346" hits="3"/><line number="348" hits="4"/><line number="353" hits="7"/><line number="360" hits="9"/><line number="361" hits="19"/><line number="363" hits="8"/><line number="365" hits="7"/><line number="366" hits="8"/><line number="368" hits="14"/><line number="369" hits="21"/><line number="370" hits="8"/><line number="371" hits="12"/><line number="373" hits="5"/><line number="374" hits="9"/><line number="375" hits="9"/><line number="376" hits="14"/><line number="377" hits="4"/><line number="380" hits="6"/><line number="381" hits="1"/><line number="383" hits="4"/><line number="384" hits="2"/><line number="385" hits="0"/><line number="389" hits="8"/><line number="390" hits="12"/><line number="392" hits="0"/><line number="394" hits="15"/><line number="395" hits="3"/><line number="396" hits="4"/><line number="397" hits="3"/><line number="404" hits="0"/><line number="407" hits="4"/><line number="408" hits="9"/><line number="409" hits="0"/><line number="414" hits="2"/><line number="418" hits="3"/><line number="420" hits="4"/><line number="421" hits="4"/><line number="422" hits="3"/><line number="423" hits="1"/><line number="441" hits="0"/><line number="442" hits="0"/><line number="443" hits="0"/><line number="444" hits="0"/><line number="456" hits="0"/><line number="457" hits="0"/><line number="458" hits="0"/><line number="476" hits="0"/><line number="477" hits="0"/><line number="485" hits="0"/></lines></class></classes></package><package name="utilities/src/lru_cache" line-rate="0.9346733668341709" branch-rate="0" complexity="0"><classes><class name="mod" filename="utilities/src/lru_cache/mod.rs" line-rate="0.9346733668341709" branch-rate="0" complexity="0"><methods/><lines><line number="31" hits="2"/><line number="32" hits="2"/><line number="39" hits="5"/><line number="40" hits="8"/><line number="45" hits="5"/><line number="46" hits="8"/><line number="51" hits="3"/><line number="52" hits="3"/><line number="57" hits="0"/><line number="58" hits="0"/><line number="70" hits="0"/><line number="71" hits="0"/><line number="76" hits="9"/><line number="85" hits="1"/><line number="86" hits="3"/><line number="89" hits="1"/><line number="90" hits="3"/><line number="93" hits="1"/><line number="94" hits="3"/><line number="97" hits="1"/><line number="98" hits="3"/><line number="105" hits="9"/><line number="106" hits="9"/><line number="109" hits="6"/><line number="110" hits="6"/><line number="114" hits="5"/><line number="115" hits="6"/><line number="117" hits="12"/><line number="120" hits="9"/><line number="121" hits="7"/><line number="123" hits="4"/><line number="124" hits="1"/><line number="127" hits="7"/><line number="128" hits="7"/><line number="129" hits="7"/><line number="162" hits="0"/><line number="163" hits="0"/><line number="164" hits="0"/><line number="166" hits="0"/><line number="177" hits="10"/><line number="178" hits="9"/><line number="182" hits="5"/><line number="183" hits="9"/><line number="184" hits="10"/><line number="185" hits="1"/><line number="196" hits="6"/><line number="198" hits="13"/><line number="199" hits="6"/><line number="204" hits="9"/><line number="205" hits="17"/><line number="208" hits="7"/><line number="210" hits="8"/><line number="216" hits="6"/><line number="217" hits="12"/><line number="220" hits="6"/><line number="221" hits="7"/><line number="224" hits="6"/><line number="228" hits="8"/><line number="229" hits="3"/><line number="230" hits="8"/><line number="231" hits="3"/><line number="232" hits="2"/><line number="234" hits="0"/><line number="238" hits="8"/><line number="239" hits="9"/><line number="240" hits="8"/><line number="241" hits="9"/><line number="242" hits="8"/><line number="243" hits="8"/><line number="246" hits="1"/><line number="247" hits="1"/><line number="250" hits="9"/><line number="251" hits="7"/><line number="254" hits="3"/><line number="255" hits="3"/><line number="258" hits="1"/><line number="259" hits="1"/><line number="265" hits="5"/><line number="266" hits="5"/><line number="270" hits="1"/><line number="271" hits="1"/><line number="274" hits="2"/><line number="275" hits="2"/><line number="278" hits="3"/><line number="279" hits="3"/><line number="280" hits="3"/><line number="286" hits="10"/><line number="288" hits="10"/><line number="289" hits="10"/><line number="300" hits="9"/><line number="301" hits="0"/><line number="302" hits="6"/><line number="303" hits="9"/><line number="304" hits="6"/><line number="305" hits="0"/><line number="307" hits="21"/><line number="308" hits="18"/><line number="309" hits="1"/><line number="310" hits="1"/><line number="311" hits="1"/><line number="312" hits="14"/><line number="313" hits="16"/><line number="314" hits="9"/><line number="315" hits="7"/><line number="316" hits="9"/><line number="318" hits="6"/><line number="320" hits="3"/><line number="321" hits="3"/><line number="323" hits="6"/><line number="324" hits="6"/><line number="325" hits="3"/><line number="328" hits="12"/><line number="329" hits="9"/><line number="330" hits="9"/><line number="331" hits="8"/><line number="337" hits="5"/><line number="338" hits="22"/><line number="343" hits="12"/><line number="344" hits="10"/><line number="346" hits="28"/><line number="347" hits="18"/><line number="348" hits="9"/><line number="349" hits="6"/><line number="352" hits="2"/><line number="356" hits="3"/><line number="361" hits="8"/><line number="362" hits="9"/><line number="363" hits="15"/><line number="364" hits="11"/><line number="365" hits="3"/><line number="366" hits="5"/><line number="368" hits="4"/><line number="371" hits="0"/><line number="373" hits="4"/><line number="374" hits="1"/><line number="376" hits="8"/><line number="380" hits="2"/><line number="381" hits="14"/><line number="385" hits="3"/><line number="386" hits="4"/><line number="391" hits="2"/><line number="392" hits="2"/><line number="393" hits="4"/><line number="403" hits="2"/><line number="404" hits="2"/><line number="405" hits="4"/><line number="415" hits="2"/><line number="416" hits="2"/><line number="417" hits="4"/><line number="427" hits="2"/><line number="428" hits="2"/><line number="429" hits="4"/><line number="438" hits="2"/><line number="439" hits="3"/><line number="440" hits="1"/><line number="441" hits="1"/><line number="447" hits="2"/><line number="448" hits="3"/><line number="449" hits="1"/><line number="450" hits="1"/><line number="455" hits="2"/><line number="456" hits="3"/><line number="457" hits="1"/><line number="458" hits="1"/><line number="464" hits="2"/><line number="465" hits="3"/><line number="466" hits="1"/><line number="467" hits="1"/><line number="472" hits="2"/><line number="473" hits="4"/><line number="474" hits="2"/><line number="475" hits="4"/><line number="499" hits="3"/><line number="500" hits="3"/><line number="501" hits="4"/><line number="502" hits="1"/><line number="503" hits="1"/><line number="504" hits="1"/><line number="505" hits="1"/><line number="507" hits="0"/><line number="508" hits="2"/><line number="511" hits="1"/><line number="512" hits="1"/><line number="514" hits="3"/><line number="518" hits="1"/><line number="519" hits="1"/><line number="526" hits="2"/><line number="527" hits="6"/><line number="528" hits="4"/><line number="530" hits="1"/><line number="531" hits="2"/><line number="532" hits="1"/><line number="535" hits="1"/><line number="536" hits="1"/><line number="537" hits="1"/><line number="538" hits="1"/><line number="540" hits="3"/><line number="544" hits="1"/><line number="545" hits="1"/></lines></class></classes></package><package name="client/src/router" line-rate="0.8585365853658536" branch-rate="0" complexity="0"><classes><class name="mod" filename="client/src/router/mod.rs" line-rate="0.8370044052863436" branch-rate="0" complexity="0"><methods/><lines><line number="111" hits="3"/><line number="115" hits="6"/><line number="117" hits="4"/><line number="118" hits="0"/><line number="120" hits="8"/><line number="134" hits="18"/><line number="135" hits="2"/><line number="137" hits="3"/><line number="138" hits="1"/><line number="139" hits="7"/><line number="141" hits="15"/><line number="142" hits="3"/><line number="143" hits="1"/><line number="147" hits="4"/><line number="148" hits="0"/><line number="151" hits="20"/><line number="152" hits="0"/><line number="153" hits="5"/><line number="154" hits="0"/><line number="155" hits="5"/><line number="156" hits="1"/><line number="158" hits="5"/><line number="187" hits="3"/><line number="196" hits="9"/><line number="197" hits="6"/><line number="199" hits="3"/><line number="200" hits="3"/><line number="201" hits="0"/><line number="202" hits="3"/><line number="203" hits="3"/><line number="204" hits="3"/><line number="206" hits="3"/><line number="207" hits="4"/><line number="211" hits="24"/><line number="212" hits="0"/><line number="213" hits="1"/><line number="214" hits="5"/><line number="215" hits="1"/><line number="216" hits="5"/><line number="217" hits="1"/><line number="218" hits="0"/><line number="220" hits="5"/><line number="222" hits="13"/><line number="224" hits="3"/><line number="225" hits="26"/><line number="227" hits="7"/><line number="228" hits="6"/><line number="230" hits="5"/><line number="231" hits="1"/><line number="232" hits="6"/><line number="233" hits="5"/><line number="234" hits="1"/><line number="237" hits="9"/><line number="239" hits="8"/><line number="241" hits="23"/><line number="242" hits="1"/><line number="243" hits="0"/><line number="244" hits="1"/><line number="246" hits="21"/><line number="247" hits="3"/><line number="248" hits="8"/><line number="251" hits="3"/><line number="252" hits="2"/><line number="254" hits="10"/><line number="255" hits="0"/><line number="256" hits="0"/><line number="257" hits="4"/><line number="258" hits="4"/><line number="261" hits="2"/><line number="262" hits="4"/><line number="263" hits="4"/><line number="264" hits="2"/><line number="265" hits="2"/><line number="268" hits="10"/><line number="269" hits="0"/><line number="270" hits="2"/><line number="273" hits="3"/><line number="274" hits="10"/><line number="275" hits="1"/><line number="277" hits="1"/><line number="279" hits="2"/><line number="281" hits="7"/><line number="283" hits="29"/><line number="284" hits="13"/><line number="285" hits="5"/><line number="286" hits="0"/><line number="287" hits="1"/><line number="290" hits="5"/><line number="298" hits="5"/><line number="308" hits="12"/><line number="309" hits="1"/><line number="310" hits="1"/><line number="312" hits="6"/><line number="313" hits="1"/><line number="314" hits="7"/><line number="315" hits="13"/><line number="316" hits="1"/><line number="317" hits="1"/><line number="323" hits="1"/><line number="328" hits="7"/><line number="329" hits="14"/><line number="331" hits="1"/><line number="333" hits="7"/><line number="334" hits="1"/><line number="347" hits="10"/><line number="367" hits="7"/><line number="403" hits="5"/><line number="413" hits="7"/><line number="414" hits="5"/><line number="415" hits="0"/><line number="418" hits="6"/><line number="419" hits="1"/><line number="420" hits="5"/><line number="421" hits="1"/><line number="422" hits="0"/><line number="423" hits="5"/><line number="424" hits="1"/><line number="426" hits="1"/><line number="427" hits="6"/><line number="431" hits="31"/><line number="432" hits="0"/><line number="433" hits="9"/><line number="434" hits="1"/><line number="435" hits="9"/><line number="436" hits="1"/><line number="437" hits="9"/><line number="438" hits="1"/><line number="439" hits="0"/><line number="441" hits="9"/><line number="442" hits="0"/><line number="444" hits="1"/><line number="445" hits="0"/><line number="446" hits="19"/><line number="447" hits="0"/><line number="450" hits="10"/><line number="451" hits="9"/><line number="452" hits="2"/><line number="455" hits="10"/><line number="456" hits="1"/><line number="457" hits="18"/><line number="460" hits="1"/><line number="462" hits="3"/><line number="463" hits="34"/><line number="465" hits="15"/><line number="466" hits="9"/><line number="467" hits="1"/><line number="468" hits="8"/><line number="469" hits="0"/><line number="470" hits="13"/><line number="471" hits="8"/><line number="472" hits="0"/><line number="473" hits="8"/><line number="475" hits="1"/><line number="476" hits="9"/><line number="477" hits="17"/><line number="478" hits="1"/><line number="479" hits="9"/><line number="481" hits="8"/><line number="482" hits="19"/><line number="483" hits="8"/><line number="484" hits="0"/><line number="485" hits="1"/><line number="488" hits="9"/><line number="489" hits="2"/><line number="490" hits="0"/><line number="491" hits="0"/><line number="493" hits="1"/><line number="494" hits="2"/><line number="495" hits="0"/><line number="496" hits="2"/><line number="497" hits="4"/><line number="498" hits="1"/><line number="499" hits="1"/><line number="504" hits="1"/><line number="505" hits="1"/><line number="506" hits="7"/><line number="507" hits="0"/><line number="508" hits="17"/><line number="509" hits="7"/><line number="510" hits="7"/><line number="511" hits="1"/><line number="513" hits="0"/><line number="514" hits="1"/><line number="516" hits="2"/><line number="517" hits="3"/><line number="518" hits="1"/><line number="520" hits="1"/><line number="522" hits="1"/><line number="523" hits="1"/><line number="525" hits="15"/><line number="526" hits="14"/><line number="527" hits="2"/><line number="528" hits="0"/><line number="529" hits="5"/><line number="532" hits="1"/><line number="540" hits="9"/><line number="545" hits="1"/><line number="546" hits="10"/><line number="547" hits="9"/><line number="549" hits="1"/><line number="550" hits="9"/><line number="562" hits="3"/><line number="566" hits="6"/><line number="567" hits="5"/><line number="568" hits="1"/><line number="577" hits="3"/><line number="578" hits="6"/><line number="581" hits="2"/><line number="582" hits="2"/><line number="604" hits="1"/><line number="605" hits="4"/><line number="606" hits="3"/><line number="607" hits="1"/><line number="608" hits="0"/><line number="609" hits="1"/><line number="615" hits="1"/><line number="616" hits="1"/><line number="621" hits="0"/><line number="622" hits="0"/><line number="623" hits="0"/><line number="624" hits="0"/><line number="625" hits="0"/><line number="626" hits="0"/><line number="627" hits="0"/><line number="635" hits="1"/><line number="636" hits="1"/><line number="641" hits="0"/></lines></class><class name="retry" filename="client/src/router/retry.rs" line-rate="0.7592592592592593" branch-rate="0" complexity="0"><methods/><lines><line number="43" hits="10"/><line number="44" hits="1"/><line number="52" hits="1"/><line number="53" hits="1"/><line number="54" hits="2"/><line number="55" hits="1"/><line number="57" hits="0"/><line number="60" hits="0"/><line number="64" hits="8"/><line number="69" hits="1"/><line number="70" hits="8"/><line number="71" hits="1"/><line number="72" hits="39"/><line number="73" hits="10"/><line number="74" hits="11"/><line number="75" hits="8"/><line number="76" hits="1"/><line number="78" hits="18"/><line number="79" hits="9"/><line number="80" hits="0"/><line number="81" hits="0"/><line number="82" hits="0"/><line number="83" hits="0"/><line number="84" hits="0"/><line number="86" hits="0"/><line number="88" hits="0"/><line number="93" hits="2"/><line number="94" hits="4"/><line number="95" hits="2"/><line number="100" hits="1"/><line number="101" hits="2"/><line number="104" hits="0"/><line number="112" hits="1"/><line number="116" hits="1"/><line number="118" hits="33"/><line number="119" hits="1"/><line number="123" hits="0"/><line number="126" hits="25"/><line number="127" hits="14"/><line number="128" hits="3"/><line number="129" hits="2"/><line number="131" hits="0"/><line number="143" hits="2"/><line number="148" hits="4"/><line number="150" hits="2"/><line number="151" hits="2"/><line number="152" hits="2"/><line number="153" hits="0"/><line number="154" hits="2"/><line number="156" hits="2"/><line number="164" hits="2"/><line number="165" hits="2"/><line number="168" hits="2"/><line number="169" hits="2"/></lines></class></classes></package><package name="client/src/downlink/model/event" line-rate="0.38" branch-rate="0" complexity="0"><classes><class name="mod" filename="client/src/downlink/model/event/mod.rs" line-rate="0.38" branch-rate="0" complexity="0"><methods/><lines><line number="22" hits="0"/><line number="35" hits="0"/><line number="36" hits="0"/><line number="37" hits="0"/><line number="39" hits="0"/><line number="44" hits="0"/><line number="56" hits="0"/><line number="57" hits="0"/><line number="58" hits="0"/><line number="59" hits="0"/><line number="64" hits="0"/><line number="77" hits="0"/><line number="78" hits="0"/><line number="79" hits="0"/><line number="81" hits="0"/><line number="91" hits="3"/><line number="100" hits="0"/><line number="102" hits="0"/><line number="103" hits="0"/><line number="107" hits="0"/><line number="113" hits="3"/><line number="114" hits="3"/><line number="115" hits="2"/><line number="116" hits="0"/><line number="117" hits="1"/><line number="119" hits="0"/><line number="120" hits="1"/><line number="124" hits="6"/><line number="125" hits="2"/><line number="126" hits="0"/><line number="127" hits="0"/><line number="130" hits="1"/><line number="131" hits="2"/><line number="132" hits="1"/><line number="134" hits="2"/><line number="135" hits="2"/><line number="136" hits="0"/><line number="137" hits="2"/><line number="143" hits="1"/><line number="144" hits="0"/><line number="145" hits="1"/><line number="148" hits="1"/><line number="150" hits="2"/><line number="152" hits="0"/><line number="153" hits="0"/><line number="154" hits="0"/><line number="156" hits="0"/><line number="158" hits="0"/><line number="159" hits="0"/><line number="162" hits="2"/></lines></class></classes></package><package name="client/src/downlink/dropping" line-rate="0.5205479452054794" branch-rate="0" complexity="0"><classes><class name="mod" filename="client/src/downlink/dropping/mod.rs" line-rate="0.5205479452054794" branch-rate="0" complexity="0"><methods/><lines><line number="57" hits="0"/><line number="58" hits="0"/><line number="59" hits="0"/><line number="60" hits="0"/><line number="61" hits="0"/><line number="71" hits="0"/><line number="72" hits="0"/><line number="77" hits="0"/><line number="78" hits="0"/><line number="83" hits="0"/><line number="85" hits="0"/><line number="86" hits="0"/><line number="87" hits="0"/><line number="93" hits="0"/><line number="94" hits="0"/><line number="97" hits="0"/><line number="98" hits="0"/><line number="102" hits="2"/><line number="103" hits="2"/><line number="107" hits="0"/><line number="108" hits="0"/><line number="112" hits="2"/><line number="113" hits="2"/><line number="125" hits="2"/><line number="128" hits="0"/><line number="129" hits="2"/><line number="130" hits="2"/><line number="131" hits="2"/><line number="132" hits="0"/><line number="133" hits="2"/><line number="135" hits="2"/><line number="136" hits="2"/><line number="139" hits="4"/><line number="140" hits="4"/><line number="142" hits="2"/><line number="143" hits="2"/><line number="144" hits="2"/><line number="145" hits="2"/><line number="147" hits="2"/><line number="161" hits="0"/><line number="162" hits="0"/><line number="164" hits="0"/><line number="175" hits="0"/><line number="176" hits="0"/><line number="188" hits="0"/><line number="189" hits="0"/><line number="190" hits="0"/><line number="191" hits="0"/><line number="192" hits="0"/><line number="193" hits="0"/><line number="194" hits="0"/><line number="195" hits="0"/><line number="196" hits="0"/><line number="200" hits="2"/><line number="219" hits="6"/><line number="220" hits="4"/><line number="222" hits="4"/><line number="224" hits="2"/><line number="226" hits="4"/><line number="230" hits="2"/><line number="231" hits="2"/><line number="232" hits="2"/><line number="233" hits="2"/><line number="234" hits="2"/><line number="237" hits="4"/><line number="238" hits="2"/><line number="239" hits="2"/><line number="240" hits="2"/><line number="241" hits="2"/><line number="244" hits="2"/><line number="246" hits="2"/><line number="248" hits="2"/><line number="250" hits="2"/></lines></class></classes></package><package name="client/src/downlink/subscription/envelopes" line-rate="0.803921568627451" branch-rate="0" complexity="0"><classes><class name="mod" filename="client/src/downlink/subscription/envelopes/mod.rs" line-rate="0.803921568627451" branch-rate="0" complexity="0"><methods/><lines><line number="27" hits="5"/><line number="35" hits="8"/><line number="37" hits="3"/><line number="38" hits="4"/><line number="39" hits="7"/><line number="40" hits="2"/><line number="41" hits="2"/><line number="42" hits="2"/><line number="44" hits="0"/><line number="45" hits="0"/><line number="46" hits="0"/><line number="47" hits="0"/><line number="49" hits="6"/><line number="50" hits="5"/><line number="51" hits="5"/><line number="52" hits="6"/><line number="54" hits="2"/><line number="55" hits="2"/><line number="56" hits="2"/><line number="57" hits="2"/><line number="64" hits="1"/><line number="68" hits="1"/><line number="72" hits="4"/><line number="76" hits="4"/><line number="80" hits="0"/><line number="84" hits="0"/><line number="93" hits="1"/><line number="94" hits="3"/><line number="97" hits="1"/><line number="98" hits="4"/><line number="100" hits="1"/><line number="102" hits="1"/><line number="106" hits="1"/><line number="110" hits="1"/><line number="113" hits="2"/><line number="115" hits="1"/><line number="116" hits="0"/><line number="130" hits="5"/><line number="131" hits="5"/><line number="134" hits="3"/><line number="137" hits="4"/><line number="139" hits="3"/><line number="141" hits="1"/><line number="145" hits="1"/><line number="149" hits="1"/><line number="152" hits="6"/><line number="154" hits="4"/><line number="155" hits="6"/><line number="156" hits="0"/><line number="159" hits="0"/><line number="160" hits="0"/></lines></class></classes></package><package name="client/src/downlink/topic" line-rate="0.46153846153846156" branch-rate="0" complexity="0"><classes><class name="mod" filename="client/src/downlink/topic/mod.rs" line-rate="0.46153846153846156" branch-rate="0" complexity="0"><methods/><lines><line number="53" hits="10"/><line number="70" hits="0"/><line number="71" hits="0"/><line number="72" hits="0"/><line number="79" hits="1"/><line number="80" hits="1"/><line number="87" hits="2"/><line number="88" hits="2"/><line number="89" hits="6"/><line number="100" hits="0"/><line number="101" hits="0"/><line number="102" hits="0"/><line number="103" hits="0"/></lines></class></classes></package><package name="swim_form/form_derive/src" line-rate="0" branch-rate="0" complexity="0"><classes><class name="lib" filename="swim_form/form_derive/src/lib.rs" line-rate="0" branch-rate="0" complexity="0"><methods/><lines><line number="35" hits="0"/><line number="36" hits="0"/><line number="38" hits="0"/><line number="44" hits="0"/><line number="45" hits="0"/><line number="46" hits="0"/><line number="49" hits="0"/><line number="50" hits="0"/><line number="53" hits="0"/><line number="54" hits="0"/><line number="57" hits="0"/><line number="65" hits="0"/><line number="68" hits="0"/><line number="71" hits="0"/><line number="72" hits="0"/><line number="73" hits="0"/><line number="74" hits="0"/><line number="77" hits="0"/><line number="79" hits="0"/><line number="80" hits="0"/><line number="81" hits="0"/><line number="82" hits="0"/><line number="84" hits="0"/><line number="119" hits="0"/><line number="130" hits="0"/><line number="133" hits="0"/><line number="134" hits="0"/><line number="135" hits="0"/></lines></class><class name="parser" filename="swim_form/form_derive/src/parser.rs" line-rate="0" branch-rate="0" complexity="0"><methods/><lines><line number="46" hits="0"/><line number="47" hits="0"/><line number="77" hits="0"/><line number="78" hits="0"/><line number="79" hits="0"/><line number="80" hits="0"/><line number="86" hits="0"/><line number="87" hits="0"/><line number="91" hits="0"/><line number="94" hits="0"/><line number="96" hits="0"/><line number="100" hits="0"/><line number="101" hits="0"/><line number="102" hits="0"/><line number="103" hits="0"/><line number="104" hits="0"/><line number="110" hits="0"/><line number="111" hits="0"/><line number="112" hits="0"/><line number="113" hits="0"/><line number="114" hits="0"/><line number="116" hits="0"/><line number="117" hits="0"/><line number="118" hits="0"/><line number="120" hits="0"/><line number="121" hits="0"/><line number="122" hits="0"/><line number="127" hits="0"/><line number="132" hits="0"/><line number="135" hits="0"/><line number="136" hits="0"/><line number="137" hits="0"/><line number="139" hits="0"/><line number="140" hits="0"/><line number="141" hits="0"/><line number="142" hits="0"/><line number="143" hits="0"/><line number="144" hits="0"/><line number="147" hits="0"/><line number="148" hits="0"/><line number="152" hits="0"/><line number="154" hits="0"/><line number="155" hits="0"/><line number="156" hits="0"/><line number="157" hits="0"/><line number="158" hits="0"/><line number="159" hits="0"/><line number="160" hits="0"/><line number="163" hits="0"/><line number="164" hits="0"/><line number="172" hits="0"/><line number="176" hits="0"/><line number="178" hits="0"/><line number="179" hits="0"/><line number="180" hits="0"/><line number="181" hits="0"/><line number="183" hits="0"/><line number="190" hits="0"/><line number="191" hits="0"/><line number="192" hits="0"/><line number="193" hits="0"/><line number="194" hits="0"/><line number="196" hits="0"/><line number="197" hits="0"/><line number="198" hits="0"/><line number="200" hits="0"/><line number="201" hits="0"/><line number="202" hits="0"/><line number="204" hits="0"/><line number="208" hits="0"/><line number="212" hits="0"/><line number="215" hits="0"/><line number="216" hits="0"/><line number="217" hits="0"/><line number="218" hits="0"/><line number="220" hits="0"/><line number="222" hits="0"/><line number="223" hits="0"/><line number="224" hits="0"/><line number="226" hits="0"/></lines></class></classes></package><package name="utilities/src/future" line-rate="0.7942857142857143" branch-rate="0" complexity="0"><classes><class name="mod" filename="utilities/src/future/mod.rs" line-rate="0.711864406779661" branch-rate="0" complexity="0"><methods/><lines><line number="58" hits="1"/><line number="71" hits="2"/><line number="84" hits="6"/><line number="87" hits="6"/><line number="99" hits="1"/><line number="100" hits="1"/><line number="109" hits="0"/><line number="110" hits="0"/><line number="121" hits="2"/><line number="122" hits="6"/><line number="133" hits="6"/><line number="134" hits="6"/><line number="135" hits="6"/><line number="136" hits="6"/><line number="137" hits="14"/><line number="138" hits="8"/><line number="139" hits="0"/><line number="177" hits="2"/><line number="178" hits="2"/><line number="188" hits="2"/><line number="189" hits="2"/><line number="207" hits="1"/><line number="212" hits="1"/><line number="238" hits="4"/><line number="243" hits="4"/><line number="263" hits="2"/><line number="268" hits="2"/><line number="288" hits="1"/><line number="300" hits="1"/><line number="301" hits="1"/><line number="302" hits="1"/><line number="303" hits="1"/><line number="304" hits="2"/><line number="305" hits="0"/><line number="306" hits="5"/><line number="325" hits="4"/><line number="337" hits="2"/><line number="338" hits="2"/><line number="339" hits="2"/><line number="340" hits="2"/><line number="341" hits="4"/><line number="342" hits="0"/><line number="343" hits="10"/><line number="373" hits="1"/><line number="378" hits="1"/><line number="408" hits="1"/><line number="413" hits="1"/><line number="425" hits="0"/><line number="440" hits="0"/><line number="441" hits="0"/><line number="444" hits="0"/><line number="445" hits="0"/><line number="446" hits="0"/><line number="448" hits="0"/><line number="451" hits="0"/><line number="452" hits="0"/><line number="455" hits="0"/><line number="456" hits="0"/><line number="467" hits="0"/></lines></class></classes></package><package name="utilities/src/iteratee" line-rate="0.7132352941176471" branch-rate="0" complexity="0"><classes><class name="mod" filename="utilities/src/iteratee/mod.rs" line-rate="0.7132352941176471" branch-rate="0" complexity="0"><methods/><lines><line number="55" hits="0"/><line number="60" hits="4"/><line number="64" hits="4"/><line number="70" hits="0"/><line number="71" hits="0"/><line number="85" hits="5"/><line number="90" hits="5"/><line number="111" hits="2"/><line number="116" hits="2"/><line number="130" hits="8"/><line number="135" hits="8"/><line number="157" hits="3"/><line number="162" hits="3"/><line number="191" hits="1"/><line number="196" hits="1"/><line number="230" hits="1"/><line number="241" hits="1"/><line number="257" hits="6"/><line number="262" hits="6"/><line number="285" hits="6"/><line number="290" hits="8"/><line number="291" hits="0"/><line number="292" hits="3"/><line number="326" hits="14"/><line number="332" hits="9"/><line number="333" hits="2"/><line number="334" hits="15"/><line number="356" hits="1"/><line number="362" hits="1"/><line number="366" hits="3"/><line number="370" hits="3"/><line number="374" hits="1"/><line number="378" hits="1"/><line number="383" hits="1"/><line number="388" hits="1"/><line number="407" hits="2"/><line number="412" hits="2"/><line number="434" hits="1"/><line number="439" hits="1"/><line number="462" hits="11"/><line number="467" hits="16"/><line number="492" hits="10"/><line number="496" hits="3"/><line number="519" hits="10"/><line number="523" hits="10"/><line number="542" hits="3"/><line number="545" hits="3"/><line number="546" hits="6"/><line number="547" hits="3"/><line number="548" hits="6"/><line number="549" hits="3"/><line number="578" hits="2"/><line number="585" hits="6"/><line number="590" hits="3"/><line number="599" hits="7"/><line number="619" hits="20"/><line number="628" hits="11"/><line number="634" hits="4"/><line number="645" hits="4"/><line number="683" hits="2"/><line number="684" hits="8"/><line number="707" hits="2"/><line number="709" hits="2"/><line number="710" hits="8"/><line number="711" hits="4"/><line number="712" hits="2"/><line number="724" hits="2"/><line number="728" hits="2"/><line number="729" hits="8"/><line number="730" hits="4"/><line number="731" hits="2"/><line number="750" hits="1"/><line number="752" hits="1"/><line number="753" hits="1"/><line number="754" hits="1"/><line number="755" hits="1"/><line number="762" hits="3"/><line number="767" hits="1"/><line number="785" hits="2"/><line number="787" hits="2"/><line number="788" hits="6"/><line number="789" hits="8"/><line number="790" hits="12"/><line number="792" hits="9"/><line number="812" hits="1"/><line number="813" hits="2"/><line number="814" hits="1"/><line number="815" hits="1"/><line number="816" hits="1"/><line number="820" hits="2"/><line number="821" hits="2"/><line number="830" hits="7"/><line number="834" hits="19"/><line number="835" hits="12"/><line number="836" hits="6"/><line number="837" hits="16"/><line number="838" hits="6"/><line number="840" hits="4"/><line number="844" hits="12"/><line number="845" hits="12"/><line number="846" hits="0"/><line number="848" hits="6"/><line number="849" hits="6"/><line number="862" hits="3"/><line number="863" hits="3"/><line number="870" hits="1"/><line number="871" hits="1"/><line number="882" hits="5"/><line number="894" hits="5"/><line number="895" hits="5"/><line number="898" hits="4"/><line number="902" hits="4"/><line number="905" hits="0"/><line number="906" hits="0"/><line number="917" hits="2"/><line number="929" hits="2"/><line number="930" hits="4"/><line number="931" hits="6"/><line number="935" hits="2"/><line number="939" hits="2"/><line number="942" hits="0"/><line number="943" hits="0"/><line number="955" hits="31"/><line number="973" hits="19"/><line number="974" hits="23"/><line number="975" hits="24"/><line number="978" hits="14"/><line number="979" hits="16"/><line number="980" hits="16"/><line number="983" hits="0"/><line number="984" hits="0"/><line number="985" hits="0"/><line number="996" hits="8"/><line number="1008" hits="8"/><line number="1009" hits="8"/><line number="1010" hits="8"/><line number="1013" hits="5"/><line number="1017" hits="5"/><line number="1018" hits="5"/><line number="1021" hits="0"/><line number="1022" hits="0"/><line number="1032" hits="3"/><line number="1044" hits="3"/><line number="1045" hits="3"/><line number="1046" hits="3"/><line number="1049" hits="3"/><line number="1053" hits="3"/><line number="1056" hits="0"/><line number="1057" hits="0"/><line number="1069" hits="1"/><line number="1087" hits="1"/><line number="1088" hits="0"/><line number="1089" hits="1"/><line number="1090" hits="1"/><line number="1091" hits="1"/><line number="1092" hits="0"/><line number="1093" hits="0"/><line number="1094" hits="2"/><line number="1095" hits="0"/><line number="1096" hits="3"/><line number="1100" hits="1"/><line number="1104" hits="0"/><line number="1105" hits="1"/><line number="1106" hits="1"/><line number="1107" hits="0"/><line number="1108" hits="1"/><line number="1109" hits="0"/><line number="1110" hits="1"/><line number="1111" hits="1"/><line number="1112" hits="2"/><line number="1116" hits="0"/><line number="1117" hits="0"/><line number="1128" hits="1"/><line number="1144" hits="1"/><line number="1145" hits="0"/><line number="1146" hits="1"/><line number="1147" hits="1"/><line number="1148" hits="1"/><line number="1149" hits="0"/><line number="1150" hits="2"/><line number="1151" hits="0"/><line number="1152" hits="3"/><line number="1156" hits="0"/><line number="1157" hits="0"/><line number="1173" hits="7"/><line number="1174" hits="3"/><line number="1175" hits="10"/><line number="1176" hits="0"/><line number="1177" hits="19"/><line number="1181" hits="3"/><line number="1185" hits="3"/><line number="1186" hits="12"/><line number="1188" hits="5"/><line number="1190" hits="9"/><line number="1193" hits="0"/><line number="1194" hits="0"/><line number="1211" hits="9"/><line number="1212" hits="13"/><line number="1213" hits="41"/><line number="1214" hits="19"/><line number="1215" hits="10"/><line number="1216" hits="12"/><line number="1220" hits="3"/><line number="1224" hits="3"/><line number="1225" hits="6"/><line number="1226" hits="5"/><line number="1227" hits="6"/><line number="1228" hits="2"/><line number="1232" hits="0"/><line number="1233" hits="0"/><line number="1244" hits="1"/><line number="1261" hits="1"/><line number="1262" hits="0"/><line number="1263" hits="1"/><line number="1264" hits="1"/><line number="1265" hits="1"/><line number="1266" hits="0"/><line number="1267" hits="2"/><line number="1268" hits="2"/><line number="1269" hits="1"/><line number="1270" hits="3"/><line number="1271" hits="1"/><line number="1273" hits="1"/><line number="1275" hits="0"/><line number="1276" hits="2"/><line number="1277" hits="1"/><line number="1279" hits="1"/><line number="1284" hits="1"/><line number="1288" hits="0"/><line number="1289" hits="1"/><line number="1290" hits="1"/><line number="1291" hits="0"/><line number="1292" hits="0"/><line number="1293" hits="1"/><line number="1294" hits="1"/><line number="1295" hits="2"/><line number="1299" hits="0"/><line number="1300" hits="0"/><line number="1301" hits="0"/><line number="1302" hits="0"/><line number="1303" hits="0"/><line number="1304" hits="0"/><line number="1305" hits="0"/><line number="1306" hits="0"/><line number="1307" hits="0"/><line number="1318" hits="1"/><line number="1333" hits="1"/><line number="1334" hits="0"/><line number="1335" hits="1"/><line number="1336" hits="1"/><line number="1337" hits="0"/><line number="1338" hits="2"/><line number="1339" hits="2"/><line number="1340" hits="1"/><line number="1341" hits="3"/><line number="1342" hits="1"/><line number="1344" hits="1"/><line number="1346" hits="0"/><line number="1347" hits="2"/><line number="1348" hits="2"/><line number="1350" hits="1"/><line number="1355" hits="1"/><line number="1359" hits="0"/><line number="1360" hits="1"/><line number="1361" hits="1"/><line number="1362" hits="0"/><line number="1363" hits="1"/><line number="1364" hits="1"/><line number="1365" hits="2"/><line number="1369" hits="0"/><line number="1370" hits="0"/><line number="1371" hits="0"/><line number="1372" hits="0"/><line number="1373" hits="0"/><line number="1374" hits="0"/><line number="1375" hits="0"/><line number="1376" hits="0"/><line number="1388" hits="2"/><line number="1404" hits="2"/><line number="1405" hits="2"/><line number="1406" hits="3"/><line number="1407" hits="2"/><line number="1409" hits="2"/><line number="1412" hits="2"/><line number="1416" hits="0"/><line number="1417" hits="2"/><line number="1418" hits="2"/><line number="1419" hits="0"/><line number="1420" hits="0"/><line number="1421" hits="4"/><line number="1422" hits="0"/><line number="1424" hits="2"/><line number="1427" hits="0"/><line number="1428" hits="0"/><line number="1440" hits="0"/><line number="1458" hits="0"/><line number="1459" hits="0"/><line number="1460" hits="0"/><line number="1461" hits="0"/><line number="1462" hits="0"/><line number="1463" hits="0"/><line number="1464" hits="0"/><line number="1465" hits="0"/><line number="1466" hits="0"/><line number="1467" hits="0"/><line number="1468" hits="0"/><line number="1470" hits="0"/><line number="1473" hits="0"/><line number="1474" hits="0"/><line number="1475" hits="0"/><line number="1476" hits="0"/><line number="1478" hits="0"/><line number="1479" hits="0"/><line number="1489" hits="0"/><line number="1490" hits="0"/><line number="1491" hits="0"/><line number="1492" hits="0"/><line number="1493" hits="0"/><line number="1494" hits="0"/><line number="1497" hits="0"/><line number="1498" hits="0"/><line number="1508" hits="13"/><line number="1511" hits="16"/><line number="1523" hits="11"/><line number="1524" hits="0"/><line number="1525" hits="16"/><line number="1526" hits="11"/><line number="1527" hits="0"/><line number="1528" hits="8"/><line number="1529" hits="28"/><line number="1530" hits="32"/><line number="1531" hits="11"/><line number="1532" hits="12"/><line number="1533" hits="2"/><line number="1536" hits="12"/><line number="1538" hits="1"/><line number="1542" hits="2"/><line number="1543" hits="2"/><line number="1553" hits="1"/><line number="1568" hits="1"/><line number="1569" hits="0"/><line number="1570" hits="1"/><line number="1571" hits="1"/><line number="1572" hits="0"/><line number="1574" hits="3"/><line number="1575" hits="1"/><line number="1576" hits="1"/><line number="1577" hits="1"/><line number="1581" hits="1"/><line number="1584" hits="1"/><line number="1585" hits="1"/><line number="1595" hits="10"/><line number="1609" hits="7"/><line number="1610" hits="4"/><line number="1611" hits="1"/><line number="1613" hits="7"/><line number="1614" hits="9"/><line number="1615" hits="2"/><line number="1617" hits="7"/><line number="1621" hits="3"/><line number="1625" hits="4"/><line number="1626" hits="1"/><line number="1628" hits="2"/><line number="1632" hits="0"/><line number="1633" hits="0"/><line number="1634" hits="0"/><line number="1636" hits="0"/><line number="1647" hits="10"/><line number="1661" hits="10"/><line number="1662" hits="10"/><line number="1663" hits="12"/><line number="1664" hits="2"/><line number="1666" hits="10"/><line number="1667" hits="10"/><line number="1668" hits="2"/><line number="1670" hits="10"/><line number="1674" hits="4"/><line number="1678" hits="4"/><line number="1679" hits="6"/><line number="1680" hits="2"/><line number="1682" hits="2"/><line number="1686" hits="0"/><line number="1687" hits="0"/><line number="1688" hits="0"/><line number="1689" hits="0"/><line number="1691" hits="0"/><line number="1702" hits="6"/><line number="1717" hits="6"/><line number="1718" hits="0"/><line number="1719" hits="6"/><line number="1720" hits="6"/><line number="1721" hits="0"/><line number="1722" hits="6"/><line number="1725" hits="6"/><line number="1729" hits="6"/><line number="1732" hits="0"/><line number="1733" hits="0"/><line number="1743" hits="1"/><line number="1747" hits="3"/><line number="1750" hits="3"/><line number="1761" hits="4"/><line number="1762" hits="4"/><line number="1765" hits="3"/><line number="1769" hits="3"/><line number="1772" hits="0"/><line number="1773" hits="0"/><line number="1780" hits="0"/><line number="1781" hits="0"/></lines></class></classes></package><package name="client/src/router/incoming" line-rate="0.9473684210526315" branch-rate="0" complexity="0"><classes><class name="mod" filename="client/src/router/incoming/mod.rs" line-rate="0.9473684210526315" branch-rate="0" complexity="0"><methods/><lines><line number="56" hits="1"/><line number="60" hits="10"/><line number="62" hits="9"/><line number="65" hits="18"/><line number="66" hits="1"/><line number="68" hits="9"/><line number="69" hits="1"/><line number="71" hits="10"/><line number="73" hits="11"/><line number="74" hits="20"/><line number="75" hits="39"/><line number="77" hits="3"/><line number="78" hits="1"/><line number="81" hits="11"/><line number="82" hits="2"/><line number="83" hits="5"/><line number="84" hits="1"/><line number="90" hits="12"/><line number="92" hits="33"/><line number="95" hits="9"/><line number="96" hits="1"/><line number="98" hits="28"/><line number="99" hits="1"/><line number="102" hits="9"/><line number="103" hits="9"/><line number="104" hits="9"/><line number="107" hits="0"/><line number="108" hits="7"/><line number="109" hits="1"/><line number="110" hits="0"/><line number="111" hits="21"/><line number="112" hits="1"/><line number="113" hits="0"/><line number="114" hits="1"/><line number="117" hits="4"/><line number="118" hits="0"/><line number="119" hits="0"/><line number="120" hits="6"/><line number="125" hits="1"/><line number="126" hits="2"/><line number="127" hits="1"/><line number="129" hits="1"/><line number="130" hits="2"/><line number="131" hits="1"/><line number="133" hits="11"/><line number="134" hits="25"/><line number="135" hits="8"/><line number="136" hits="8"/><line number="137" hits="8"/><line number="139" hits="3"/><line number="141" hits="1"/><line number="144" hits="1"/><line number="145" hits="1"/><line number="149" hits="1"/><line number="150" hits="1"/><line number="155" hits="2"/><line number="156" hits="1"/><line number="157" hits="1"/><line number="158" hits="4"/><line number="159" hits="2"/><line number="161" hits="1"/><line number="164" hits="1"/><line number="165" hits="2"/><line number="166" hits="3"/><line number="168" hits="7"/><line number="171" hits="2"/><line number="172" hits="4"/><line number="173" hits="1"/><line number="174" hits="1"/><line number="175" hits="5"/><line number="177" hits="3"/><line number="181" hits="2"/><line number="192" hits="1"/><line number="196" hits="1"/><line number="198" hits="3"/><line number="200" hits="2"/><line number="201" hits="3"/><line number="203" hits="9"/><line number="204" hits="3"/><line number="207" hits="2"/><line number="218" hits="8"/><line number="223" hits="8"/><line number="225" hits="24"/><line number="226" hits="28"/><line number="227" hits="7"/><line number="228" hits="14"/><line number="230" hits="28"/><line number="231" hits="14"/><line number="234" hits="1"/><line number="237" hits="12"/><line number="238" hits="14"/><line number="241" hits="1"/><line number="244" hits="1"/><line number="248" hits="10"/><line number="249" hits="9"/></lines></class></classes></package><package name="common/src/sink/item/fail_all" line-rate="1" branch-rate="0" complexity="0"><classes><class name="mod" filename="common/src/sink/item/fail_all/mod.rs" line-rate="1" branch-rate="0" complexity="0"><methods/><lines><line number="25" hits="1"/><line number="36" hits="1"/><line number="37" hits="2"/></lines></class></classes></package><package name="utilities/src" line-rate="0.7834793491864831" branch-rate="0" complexity="0"><classes><class name="lib" filename="utilities/src/lib.rs" line-rate="1" branch-rate="0" complexity="0"><methods/><lines><line number="33" hits="1"/><line number="34" hits="1"/></lines></class></classes></package><package name="client/src/downlink/typed/topic" line-rate="0.7083333333333334" branch-rate="0" complexity="0"><classes><class name="mod" filename="client/src/downlink/typed/topic/mod.rs" line-rate="0.7083333333333334" branch-rate="0" complexity="0"><methods/><lines><line number="35" hits="1"/><line number="36" hits="1"/><line number="41" hits="0"/><line number="42" hits="0"/><line number="53" hits="1"/><line number="54" hits="1"/><line number="59" hits="0"/><line number="60" hits="0"/><line number="67" hits="1"/><line number="68" hits="0"/><line number="73" hits="1"/><line number="74" hits="0"/><line number="81" hits="1"/><line number="82" hits="3"/><line number="89" hits="1"/><line number="90" hits="3"/><line number="103" hits="1"/><line number="116" hits="1"/><line number="117" hits="0"/><line number="128" hits="1"/><line number="129" hits="3"/><line number="142" hits="1"/><line number="143" hits="2"/><line number="145" hits="2"/></lines></class></classes></package><package name="common/src/model/parser" line-rate="0.8211764705882353" branch-rate="0" complexity="0"><classes><class name="mod" filename="common/src/model/parser/mod.rs" line-rate="0.8225806451612904" branch-rate="0" complexity="0"><methods/><lines><line number="50" hits="3"/><line number="51" hits="122"/><line number="52" hits="3"/><line number="53" hits="6"/><line number="54" hits="2"/><line number="55" hits="2"/><line number="56" hits="2"/><line number="57" hits="2"/><line number="58" hits="4"/><line number="59" hits="3"/><line number="60" hits="7"/><line number="61" hits="7"/><line number="62" hits="7"/><line number="63" hits="7"/><line number="64" hits="7"/><line number="65" hits="7"/><line number="66" hits="8"/><line number="84" hits="3"/><line number="85" hits="6"/><line number="104" hits="3"/><line number="105" hits="7"/><line number="106" hits="1"/><line number="108" hits="3"/><line number="109" hits="8"/><line number="110" hits="6"/><line number="111" hits="2"/><line number="168" hits="0"/><line number="169" hits="0"/><line number="170" hits="0"/><line number="171" hits="0"/><line number="173" hits="0"/><line number="174" hits="0"/><line number="176" hits="0"/><line number="178" hits="0"/><line number="179" hits="0"/><line number="181" hits="0"/><line number="182" hits="0"/><line number="191" hits="0"/><line number="192" hits="0"/><line number="197" hits="0"/><line number="198" hits="0"/><line number="204" hits="4"/><line number="205" hits="4"/><line number="210" hits="4"/><line number="211" hits="4"/><line number="213" hits="8"/><line number="214" hits="13"/><line number="215" hits="9"/><line number="216" hits="10"/><line number="217" hits="30"/><line number="218" hits="12"/><line number="219" hits="0"/><line number="220" hits="0"/><line number="222" hits="3"/><line number="223" hits="9"/><line number="225" hits="1"/><line number="226" hits="2"/><line number="228" hits="9"/><line number="230" hits="0"/><line number="237" hits="2"/><line number="238" hits="2"/><line number="240" hits="3"/><line number="242" hits="4"/><line number="243" hits="2"/><line number="244" hits="1"/><line number="245" hits="3"/><line number="246" hits="2"/><line number="247" hits="1"/><line number="248" hits="1"/><line number="250" hits="1"/><line number="254" hits="1"/><line number="258" hits="2"/><line number="259" hits="2"/><line number="260" hits="5"/><line number="261" hits="2"/><line number="262" hits="4"/><line number="263" hits="4"/><line number="264" hits="4"/><line number="265" hits="4"/><line number="266" hits="3"/><line number="270" hits="2"/><line number="275" hits="3"/><line number="276" hits="3"/><line number="277" hits="1"/><line number="278" hits="1"/><line number="279" hits="1"/><line number="281" hits="1"/><line number="283" hits="2"/><line number="284" hits="0"/><line number="289" hits="1"/><line number="290" hits="2"/><line number="291" hits="0"/><line number="294" hits="3"/><line number="295" hits="1"/><line number="296" hits="1"/><line number="297" hits="1"/><line number="298" hits="1"/><line number="300" hits="3"/><line number="301" hits="2"/><line number="302" hits="1"/><line number="304" hits="1"/><line number="305" hits="1"/><line number="308" hits="3"/><line number="309" hits="2"/><line number="310" hits="1"/><line number="312" hits="1"/><line number="313" hits="1"/><line number="314" hits="2"/><line number="317" hits="0"/><line number="320" hits="1"/><line number="322" hits="3"/><line number="324" hits="0"/><line number="328" hits="1"/><line number="332" hits="4"/><line number="333" hits="3"/><line number="334" hits="2"/><line number="335" hits="2"/><line number="336" hits="1"/><line number="337" hits="1"/><line number="339" hits="2"/><line number="340" hits="1"/><line number="341" hits="1"/><line number="343" hits="0"/><line number="348" hits="4"/><line number="351" hits="5"/><line number="352" hits="6"/><line number="353" hits="8"/><line number="354" hits="4"/><line number="355" hits="0"/><line number="358" hits="4"/><line number="363" hits="6"/><line number="365" hits="7"/><line number="367" hits="1"/><line number="368" hits="1"/><line number="369" hits="1"/><line number="370" hits="4"/><line number="371" hits="2"/><line number="372" hits="1"/><line number="374" hits="1"/><line number="377" hits="2"/><line number="382" hits="1"/><line number="383" hits="13"/><line number="384" hits="11"/><line number="389" hits="2"/><line number="391" hits="3"/><line number="392" hits="9"/><line number="398" hits="4"/><line number="399" hits="4"/><line number="400" hits="6"/><line number="401" hits="6"/><line number="402" hits="2"/><line number="403" hits="0"/><line number="404" hits="0"/><line number="406" hits="2"/><line number="408" hits="1"/><line number="409" hits="0"/><line number="417" hits="9"/><line number="418" hits="8"/><line number="419" hits="18"/><line number="421" hits="16"/><line number="422" hits="23"/><line number="423" hits="9"/><line number="424" hits="16"/><line number="425" hits="1"/><line number="426" hits="1"/><line number="428" hits="9"/><line number="431" hits="1"/><line number="432" hits="1"/><line number="433" hits="5"/><line number="434" hits="2"/><line number="435" hits="1"/><line number="436" hits="0"/><line number="437" hits="0"/><line number="438" hits="1"/><line number="439" hits="1"/><line number="440" hits="1"/><line number="441" hits="0"/><line number="444" hits="1"/><line number="445" hits="1"/><line number="446" hits="1"/><line number="448" hits="1"/><line number="449" hits="1"/><line number="450" hits="2"/><line number="451" hits="1"/><line number="453" hits="1"/><line number="454" hits="2"/><line number="455" hits="1"/><line number="457" hits="1"/><line number="458" hits="2"/><line number="459" hits="1"/><line number="461" hits="1"/><line number="462" hits="1"/><line number="463" hits="2"/><line number="466" hits="1"/><line number="467" hits="1"/><line number="469" hits="0"/><line number="471" hits="0"/><line number="472" hits="0"/><line number="473" hits="0"/><line number="479" hits="18"/><line number="480" hits="0"/><line number="482" hits="8"/><line number="540" hits="11"/><line number="541" hits="2"/><line number="542" hits="11"/><line number="543" hits="0"/><line number="544" hits="0"/><line number="545" hits="0"/><line number="546" hits="0"/><line number="547" hits="12"/><line number="548" hits="2"/><line number="553" hits="12"/><line number="554" hits="30"/><line number="555" hits="26"/><line number="556" hits="9"/><line number="557" hits="3"/><line number="558" hits="0"/><line number="559" hits="2"/><line number="560" hits="2"/><line number="561" hits="0"/><line number="570" hits="9"/><line number="571" hits="9"/><line number="589" hits="10"/><line number="596" hits="6"/><line number="597" hits="41"/><line number="598" hits="27"/><line number="599" hits="32"/><line number="600" hits="46"/><line number="602" hits="55"/><line number="603" hits="18"/><line number="604" hits="17"/><line number="607" hits="4"/><line number="608" hits="15"/><line number="609" hits="13"/><line number="610" hits="3"/><line number="611" hits="3"/><line number="613" hits="9"/><line number="614" hits="19"/><line number="615" hits="10"/><line number="616" hits="9"/><line number="619" hits="5"/><line number="620" hits="4"/><line number="621" hits="9"/><line number="622" hits="2"/><line number="623" hits="3"/><line number="625" hits="4"/><line number="626" hits="5"/><line number="630" hits="0"/><line number="631" hits="0"/><line number="636" hits="4"/><line number="637" hits="6"/><line number="638" hits="6"/><line number="639" hits="2"/><line number="640" hits="4"/><line number="641" hits="2"/><line number="643" hits="2"/><line number="646" hits="2"/><line number="647" hits="2"/><line number="650" hits="8"/><line number="654" hits="4"/><line number="655" hits="4"/><line number="656" hits="4"/><line number="657" hits="2"/><line number="659" hits="2"/><line number="662" hits="2"/><line number="663" hits="2"/><line number="666" hits="4"/><line number="670" hits="4"/><line number="671" hits="4"/><line number="672" hits="4"/><line number="673" hits="2"/><line number="674" hits="2"/><line number="676" hits="0"/><line number="677" hits="0"/><line number="678" hits="0"/><line number="681" hits="0"/><line number="682" hits="0"/><line number="683" hits="0"/><line number="684" hits="0"/><line number="687" hits="0"/><line number="690" hits="0"/><line number="694" hits="2"/><line number="695" hits="4"/><line number="698" hits="4"/><line number="699" hits="4"/><line number="700" hits="4"/><line number="701" hits="2"/><line number="702" hits="2"/><line number="704" hits="0"/><line number="705" hits="0"/><line number="706" hits="0"/><line number="710" hits="2"/><line number="711" hits="2"/><line number="714" hits="4"/><line number="718" hits="6"/><line number="719" hits="4"/><line number="721" hits="2"/><line number="722" hits="2"/><line number="723" hits="2"/><line number="726" hits="2"/><line number="727" hits="2"/><line number="730" hits="0"/><line number="735" hits="12"/><line number="740" hits="18"/><line number="741" hits="32"/><line number="743" hits="48"/><line number="746" hits="16"/><line number="748" hits="17"/><line number="751" hits="4"/><line number="752" hits="8"/><line number="755" hits="4"/><line number="756" hits="5"/><line number="759" hits="2"/><line number="764" hits="2"/><line number="765" hits="4"/><line number="766" hits="2"/><line number="767" hits="2"/><line number="768" hits="4"/><line number="769" hits="4"/><line number="770" hits="2"/><line number="776" hits="0"/><line number="777" hits="0"/><line number="782" hits="2"/><line number="787" hits="2"/><line number="788" hits="4"/><line number="789" hits="2"/><line number="790" hits="2"/><line number="793" hits="0"/><line number="794" hits="0"/><line number="801" hits="16"/><line number="808" hits="83"/><line number="809" hits="21"/><line number="810" hits="12"/><line number="811" hits="3"/><line number="812" hits="10"/><line number="813" hits="4"/><line number="814" hits="13"/><line number="815" hits="13"/><line number="816" hits="4"/><line number="817" hits="7"/><line number="818" hits="2"/><line number="819" hits="2"/><line number="821" hits="4"/><line number="823" hits="8"/><line number="824" hits="11"/><line number="825" hits="8"/><line number="826" hits="4"/><line number="827" hits="4"/><line number="828" hits="4"/><line number="831" hits="0"/><line number="832" hits="0"/><line number="835" hits="23"/><line number="836" hits="21"/><line number="837" hits="12"/><line number="838" hits="13"/><line number="839" hits="14"/><line number="841" hits="4"/><line number="842" hits="4"/><line number="845" hits="0"/><line number="846" hits="0"/><line number="850" hits="8"/><line number="851" hits="5"/><line number="852" hits="3"/><line number="853" hits="2"/><line number="854" hits="3"/><line number="857" hits="0"/><line number="858" hits="0"/><line number="861" hits="8"/><line number="862" hits="13"/><line number="863" hits="2"/><line number="864" hits="2"/><line number="865" hits="2"/><line number="867" hits="2"/><line number="868" hits="4"/><line number="872" hits="3"/><line number="873" hits="4"/><line number="874" hits="2"/><line number="875" hits="2"/><line number="876" hits="2"/><line number="879" hits="0"/><line number="880" hits="0"/><line number="884" hits="1"/><line number="885" hits="1"/><line number="891" hits="2"/><line number="895" hits="2"/><line number="896" hits="2"/><line number="897" hits="0"/
[...]
"109" hits="6"/><line number="111" hits="4"/><line number="112" hits="2"/><line number="113" hits="20"/><line number="114" hits="14"/><line number="122" hits="0"/><line number="127" hits="0"/><line number="128" hits="0"/><line number="129" hits="0"/><line number="130" hits="0"/><line number="132" hits="0"/><line number="135" hits="0"/><line number="136" hits="0"/><line number="137" hits="0"/><line number="139" hits="0"/><line number="145" hits="0"/><line number="150" hits="15"/><line number="152" hits="21"/><line number="153" hits="0"/><line number="160" hits="0"/><line number="168" hits="3"/><line number="170" hits="1"/><line number="171" hits="8"/><line number="172" hits="2"/><line number="173" hits="1"/><line number="174" hits="2"/><line number="175" hits="1"/><line number="178" hits="5"/><line number="184" hits="5"/><line number="185" hits="30"/><line number="186" hits="6"/><line number="187" hits="5"/><line number="188" hits="5"/><line number="189" hits="5"/><line number="190" hits="6"/><line number="192" hits="0"/><line number="193" hits="12"/><line number="194" hits="21"/><line number="200" hits="0"/><line number="204" hits="7"/><line number="206" hits="13"/><line number="207" hits="0"/><line number="214" hits="0"/><line number="222" hits="3"/><line number="224" hits="8"/><line number="225" hits="2"/><line number="226" hits="1"/><line number="227" hits="2"/><line number="228" hits="1"/><line number="231" hits="2"/><line number="237" hits="2"/><line number="238" hits="13"/><line number="239" hits="2"/><line number="240" hits="3"/><line number="241" hits="2"/><line number="242" hits="3"/><line number="243" hits="2"/><line number="245" hits="0"/><line number="246" hits="6"/><line number="247" hits="13"/><line number="250" hits="0"/><line number="254" hits="0"/><line number="255" hits="0"/><line number="258" hits="0"/><line number="265" hits="0"/><line number="266" hits="0"/><line number="270" hits="0"/><line number="275" hits="0"/><line number="277" hits="0"/><line number="278" hits="0"/><line number="279" hits="0"/><line number="280" hits="0"/><line number="281" hits="0"/><line number="283" hits="0"/><line number="284" hits="0"/><line number="286" hits="0"/><line number="289" hits="0"/><line number="293" hits="0"/><line number="294" hits="0"/><line number="297" hits="0"/><line number="305" hits="0"/><line number="306" hits="0"/><line number="307" hits="0"/><line number="311" hits="0"/><line number="317" hits="0"/><line number="319" hits="0"/><line number="320" hits="0"/><line number="321" hits="0"/><line number="322" hits="0"/><line number="323" hits="0"/><line number="324" hits="0"/><line number="326" hits="0"/><line number="327" hits="0"/><line number="329" hits="0"/><line number="355" hits="0"/><line number="362" hits="0"/><line number="363" hits="0"/><line number="367" hits="0"/><line number="375" hits="0"/><line number="376" hits="0"/><line number="380" hits="0"/><line number="388" hits="0"/><line number="389" hits="0"/><line number="395" hits="0"/><line number="396" hits="0"/><line number="401" hits="0"/><line number="402" hits="0"/><line number="407" hits="0"/><line number="408" hits="0"/><line number="413" hits="0"/><line number="414" hits="0"/><line number="415" hits="0"/><line number="416" hits="0"/><line number="418" hits="0"/><line number="420" hits="0"/><line number="421" hits="0"/><line number="423" hits="0"/><line number="424" hits="0"/><line number="425" hits="0"/><line number="426" hits="0"/><line number="427" hits="0"/><line number="428" hits="0"/><line number="429" hits="0"/><line number="431" hits="0"/><line number="432" hits="0"/><line number="433" hits="0"/><line number="434" hits="0"/><line number="435" hits="0"/><line number="436" hits="0"/><line number="437" hits="0"/><line number="438" hits="0"/><line number="439" hits="0"/><line number="441" hits="0"/><line number="442" hits="0"/><line number="451" hits="1"/><line number="492" hits="2"/><line number="504" hits="2"/><line number="550" hits="2"/><line number="558" hits="0"/><line number="559" hits="0"/><line number="563" hits="0"/><line number="572" hits="6"/><line number="578" hits="2"/><line number="579" hits="8"/><line number="580" hits="2"/><line number="581" hits="8"/><line number="582" hits="2"/><line number="587" hits="6"/><line number="593" hits="6"/><line number="594" hits="6"/><line number="596" hits="12"/><line number="597" hits="30"/><line number="598" hits="12"/><line number="600" hits="12"/><line number="602" hits="6"/><line number="603" hits="12"/><line number="604" hits="12"/><line number="607" hits="3"/><line number="608" hits="6"/><line number="609" hits="6"/><line number="611" hits="0"/><line number="612" hits="0"/><line number="614" hits="0"/><line number="615" hits="0"/><line number="616" hits="0"/><line number="617" hits="0"/><line number="621" hits="0"/><line number="625" hits="4"/><line number="626" hits="8"/><line number="627" hits="8"/><line number="628" hits="8"/><line number="629" hits="7"/><line number="631" hits="6"/><line number="634" hits="4"/><line number="640" hits="2"/><line number="641" hits="4"/><line number="643" hits="6"/><line number="644" hits="13"/><line number="645" hits="6"/><line number="646" hits="6"/><line number="648" hits="2"/><line number="649" hits="0"/><line number="650" hits="0"/><line number="651" hits="0"/><line number="652" hits="0"/><line number="655" hits="6"/><line number="657" hits="4"/><line number="658" hits="4"/><line number="659" hits="4"/><line number="660" hits="0"/><line number="661" hits="4"/><line number="663" hits="2"/><line number="665" hits="0"/><line number="666" hits="0"/><line number="667" hits="0"/><line number="668" hits="0"/><line number="669" hits="0"/><line number="670" hits="0"/><line number="671" hits="0"/><line number="672" hits="0"/><line number="673" hits="0"/><line number="674" hits="0"/><line number="675" hits="0"/><line number="677" hits="0"/><line number="678" hits="0"/><line number="679" hits="0"/><line number="680" hits="0"/><line number="683" hits="0"/><line number="684" hits="0"/><line number="685" hits="0"/><line number="686" hits="0"/><line number="687" hits="0"/><line number="688" hits="0"/><line number="690" hits="0"/><line number="692" hits="0"/><line number="693" hits="0"/><line number="694" hits="0"/><line number="695" hits="0"/><line number="698" hits="0"/><line number="702" hits="4"/><line number="703" hits="4"/><line number="704" hits="4"/><line number="706" hits="4"/><line number="707" hits="4"/><line number="708" hits="4"/><line number="710" hits="2"/><line number="713" hits="0"/><line number="718" hits="0"/><line number="720" hits="0"/><line number="722" hits="0"/><line number="724" hits="0"/><line number="725" hits="0"/><line number="727" hits="0"/><line number="728" hits="0"/><line number="729" hits="0"/><line number="732" hits="0"/><line number="733" hits="0"/><line number="735" hits="0"/><line number="736" hits="0"/><line number="737" hits="0"/><line number="738" hits="0"/><line number="742" hits="0"/><line number="746" hits="0"/><line number="747" hits="0"/><line number="748" hits="0"/><line number="749" hits="0"/><line number="750" hits="0"/><line number="754" hits="0"/><line number="757" hits="0"/><line number="763" hits="0"/><line number="765" hits="0"/><line number="767" hits="0"/><line number="769" hits="0"/><line number="770" hits="0"/><line number="771" hits="0"/><line number="773" hits="0"/><line number="774" hits="0"/><line number="776" hits="0"/><line number="777" hits="0"/><line number="778" hits="0"/><line number="779" hits="0"/><line number="780" hits="0"/><line number="784" hits="0"/><line number="787" hits="6"/><line number="794" hits="13"/><line number="795" hits="6"/><line number="796" hits="1"/><line number="797" hits="1"/><line number="798" hits="0"/><line number="799" hits="1"/><line number="800" hits="1"/><line number="801" hits="3"/><line number="802" hits="3"/><line number="803" hits="6"/><line number="804" hits="2"/><line number="805" hits="0"/><line number="806" hits="0"/><line number="807" hits="0"/><line number="808" hits="0"/><line number="809" hits="0"/><line number="813" hits="0"/><line number="814" hits="0"/><line number="815" hits="0"/><line number="816" hits="0"/><line number="820" hits="1"/><line number="821" hits="0"/><line number="822" hits="0"/><line number="823" hits="0"/><line number="824" hits="0"/><line number="828" hits="19"/><line number="829" hits="7"/><line number="830" hits="1"/><line number="831" hits="1"/><line number="833" hits="36"/><line number="834" hits="12"/><line number="835" hits="6"/><line number="838" hits="5"/><line number="839" hits="1"/><line number="842" hits="2"/><line number="849" hits="5"/><line number="850" hits="4"/><line number="851" hits="1"/><line number="852" hits="1"/><line number="853" hits="1"/><line number="854" hits="0"/><line number="855" hits="2"/><line number="856" hits="0"/><line number="857" hits="0"/><line number="858" hits="0"/><line number="859" hits="0"/><line number="861" hits="3"/><line number="862" hits="0"/><line number="863" hits="0"/><line number="864" hits="0"/><line number="865" hits="0"/><line number="868" hits="2"/><line number="869" hits="1"/><line number="870" hits="3"/><line number="871" hits="7"/><line number="872" hits="2"/><line number="873" hits="0"/><line number="874" hits="0"/><line number="875" hits="0"/><line number="876" hits="0"/><line number="877" hits="0"/><line number="878" hits="0"/><line number="879" hits="0"/><line number="881" hits="0"/><line number="885" hits="1"/><line number="886" hits="0"/><line number="887" hits="0"/><line number="888" hits="0"/><line number="889" hits="0"/><line number="894" hits="9"/><line number="895" hits="3"/><line number="896" hits="1"/><line number="897" hits="1"/><line number="899" hits="16"/><line number="900" hits="6"/><line number="901" hits="2"/><line number="904" hits="2"/><line number="905" hits="2"/><line number="908" hits="0"/><line number="914" hits="0"/><line number="915" hits="0"/><line number="916" hits="0"/><line number="917" hits="0"/><line number="918" hits="0"/><line number="919" hits="0"/><line number="920" hits="0"/><line number="921" hits="0"/><line number="922" hits="0"/><line number="923" hits="0"/><line number="925" hits="0"/><line number="926" hits="0"/><line number="928" hits="0"/><line number="929" hits="0"/><line number="930" hits="0"/><line number="931" hits="0"/><line number="934" hits="0"/><line number="937" hits="0"/><line number="938" hits="0"/><line number="941" hits="0"/><line number="948" hits="0"/><line number="949" hits="0"/><line number="950" hits="0"/><line number="951" hits="0"/><line number="952" hits="0"/><line number="953" hits="0"/><line number="954" hits="0"/><line number="955" hits="0"/><line number="956" hits="0"/><line number="957" hits="0"/><line number="958" hits="0"/><line number="959" hits="0"/><line number="960" hits="0"/><line number="961" hits="0"/><line number="962" hits="0"/><line number="963" hits="0"/><line number="967" hits="0"/><line number="968" hits="0"/><line number="969" hits="0"/><line number="970" hits="0"/><line number="974" hits="0"/><line number="975" hits="0"/><line number="976" hits="0"/><line number="977" hits="0"/><line number="978" hits="0"/><line number="982" hits="0"/><line number="983" hits="0"/><line number="984" hits="0"/><line number="987" hits="0"/><line number="988" hits="0"/><line number="992" hits="0"/><line number="993" hits="0"/><line number="994" hits="0"/><line number="995" hits="0"/><line number="998" hits="0"/><line number="999" hits="0"/><line number="1000" hits="0"/><line number="1001" hits="0"/><line number="1003" hits="0"/><line number="1004" hits="0"/><line number="1005" hits="0"/><line number="1009" hits="0"/><line number="1010" hits="0"/><line number="1011" hits="0"/><line number="1013" hits="0"/><line number="1014" hits="0"/><line number="1015" hits="0"/><line number="1019" hits="0"/><line number="1020" hits="0"/><line number="1022" hits="0"/><line number="1023" hits="0"/><line number="1030" hits="13"/><line number="1034" hits="6"/><line number="1036" hits="6"/><line number="1038" hits="2"/><line number="1039" hits="7"/><line number="1040" hits="0"/><line number="1041" hits="12"/><line number="1043" hits="17"/><line number="1044" hits="0"/><line number="1045" hits="0"/><line number="1049" hits="0"/><line number="1050" hits="13"/><line number="1051" hits="2"/><line number="1052" hits="6"/><line number="1053" hits="6"/><line number="1054" hits="6"/><line number="1055" hits="6"/><line number="1056" hits="0"/><line number="1057" hits="20"/><line number="1058" hits="7"/><line number="1061" hits="0"/><line number="1062" hits="4"/><line number="1063" hits="2"/><line number="1064" hits="4"/><line number="1065" hits="2"/><line number="1066" hits="0"/><line number="1067" hits="12"/><line number="1068" hits="4"/><line number="1071" hits="0"/><line number="1072" hits="0"/><line number="1073" hits="0"/><line number="1074" hits="0"/><line number="1075" hits="0"/><line number="1076" hits="0"/><line number="1079" hits="0"/><line number="1080" hits="0"/><line number="1081" hits="0"/><line number="1082" hits="0"/><line number="1083" hits="0"/><line number="1084" hits="0"/><line number="1085" hits="0"/><line number="1086" hits="0"/><line number="1089" hits="0"/><line number="1090" hits="0"/><line number="1093" hits="0"/><line number="1094" hits="0"/><line number="1096" hits="0"/><line number="1101" hits="0"/><line number="1106" hits="0"/><line number="1107" hits="0"/><line number="1108" hits="0"/><line number="1109" hits="0"/><line number="1110" hits="0"/><line number="1111" hits="0"/><line number="1115" hits="6"/><line number="1126" hits="6"/><line number="1127" hits="5"/><line number="1128" hits="10"/><line number="1129" hits="4"/><line number="1131" hits="4"/><line number="1134" hits="1"/><line number="1136" hits="1"/><line number="1138" hits="1"/><line number="1140" hits="1"/><line number="1141" hits="1"/><line number="1142" hits="1"/><line number="1143" hits="1"/><line number="1145" hits="1"/><line number="1147" hits="1"/><line number="1154" hits="4"/><line number="1168" hits="2"/><line number="1169" hits="3"/><line number="1170" hits="4"/><line number="1172" hits="2"/><line number="1173" hits="2"/><line number="1174" hits="2"/><line number="1175" hits="2"/><line number="1177" hits="2"/><line number="1179" hits="2"/><line number="1183" hits="1"/><line number="1184" hits="1"/><line number="1185" hits="1"/><line number="1186" hits="1"/><line number="1187" hits="1"/><line number="1189" hits="1"/><line number="1191" hits="1"/><line number="1193" hits="1"/><line number="1194" hits="1"/><line number="1195" hits="1"/><line number="1196" hits="1"/><line number="1198" hits="1"/><line number="1200" hits="1"/><line number="1205" hits="0"/><line number="1213" hits="0"/><line number="1215" hits="0"/><line number="1218" hits="0"/><line number="1229" hits="0"/><line number="1230" hits="0"/><line number="1231" hits="0"/><line number="1234" hits="0"/><line number="1235" hits="0"/><line number="1239" hits="0"/><line number="1242" hits="0"/><line number="1243" hits="0"/><line number="1246" hits="0"/><line number="1247" hits="0"/><line number="1250" hits="0"/><line number="1251" hits="0"/><line number="1257" hits="0"/><line number="1258" hits="0"/><line number="1259" hits="0"/><line number="1260" hits="0"/><line number="1261" hits="0"/><line number="1262" hits="0"/></lines></class></classes></package><package name="swim_form/src/collections" line-rate="0.8835616438356164" branch-rate="0" complexity="0"><classes><class name="mod" filename="swim_form/src/collections/mod.rs" line-rate="0.8835616438356164" branch-rate="0" complexity="0"><methods/><lines><line number="28" hits="1"/><line number="29" hits="3"/><line number="32" hits="1"/><line number="34" hits="1"/><line number="35" hits="2"/><line number="36" hits="0"/><line number="40" hits="2"/><line number="41" hits="2"/><line number="42" hits="4"/><line number="43" hits="2"/><line number="44" hits="4"/><line number="47" hits="2"/><line number="48" hits="4"/><line number="49" hits="4"/><line number="50" hits="5"/><line number="51" hits="2"/><line number="52" hits="2"/><line number="54" hits="0"/><line number="58" hits="0"/><line number="62" hits="1"/><line number="63" hits="1"/><line number="64" hits="2"/><line number="65" hits="2"/><line number="66" hits="2"/><line number="67" hits="1"/><line number="68" hits="1"/><line number="69" hits="2"/><line number="70" hits="2"/><line number="71" hits="1"/><line number="72" hits="1"/><line number="74" hits="0"/><line number="78" hits="1"/><line number="84" hits="1"/><line number="85" hits="1"/><line number="90" hits="1"/><line number="92" hits="1"/><line number="93" hits="2"/><line number="94" hits="0"/><line number="98" hits="1"/><line number="100" hits="1"/><line number="101" hits="2"/><line number="102" hits="0"/><line number="106" hits="1"/><line number="107" hits="1"/><line number="108" hits="2"/><line number="109" hits="3"/><line number="112" hits="1"/><line number="113" hits="2"/><line number="114" hits="2"/><line number="115" hits="2"/><line number="116" hits="2"/><line number="117" hits="1"/><line number="118" hits="1"/><line number="120" hits="0"/><line number="124" hits="0"/><line number="128" hits="1"/><line number="129" hits="1"/><line number="130" hits="3"/><line number="131" hits="1"/><line number="132" hits="1"/><line number="133" hits="2"/><line number="134" hits="2"/><line number="135" hits="2"/><line number="136" hits="1"/><line number="137" hits="1"/><line number="139" hits="1"/><line number="142" hits="0"/><line number="150" hits="1"/><line number="152" hits="1"/><line number="153" hits="1"/><line number="155" hits="1"/><line number="160" hits="1"/><line number="162" hits="1"/><line number="163" hits="2"/><line number="164" hits="0"/><line number="168" hits="1"/><line number="170" hits="1"/><line number="171" hits="2"/><line number="172" hits="0"/><line number="176" hits="1"/><line number="177" hits="1"/><line number="178" hits="2"/><line number="179" hits="3"/><line number="182" hits="1"/><line number="183" hits="2"/><line number="184" hits="2"/><line number="185" hits="2"/><line number="186" hits="2"/><line number="187" hits="1"/><line number="188" hits="1"/><line number="190" hits="0"/><line number="194" hits="0"/><line number="198" hits="1"/><line number="199" hits="1"/><line number="200" hits="2"/><line number="201" hits="2"/><line number="204" hits="1"/><line number="205" hits="1"/><line number="206" hits="2"/><line number="207" hits="2"/><line number="208" hits="2"/><line number="209" hits="1"/><line number="210" hits="1"/><line number="212" hits="1"/><line number="216" hits="1"/><line number="222" hits="1"/><line number="224" hits="1"/><line number="225" hits="1"/><line number="227" hits="1"/><line number="232" hits="1"/><line number="234" hits="1"/><line number="235" hits="2"/><line number="236" hits="0"/><line number="240" hits="1"/><line number="242" hits="1"/><line number="243" hits="2"/><line number="244" hits="0"/><line number="248" hits="1"/><line number="249" hits="1"/><line number="250" hits="3"/><line number="251" hits="1"/><line number="252" hits="2"/><line number="253" hits="2"/><line number="254" hits="2"/><line number="255" hits="2"/><line number="256" hits="1"/><line number="257" hits="1"/><line number="259" hits="0"/><line number="262" hits="0"/><line number="266" hits="1"/><line number="267" hits="1"/><line number="268" hits="2"/><line number="269" hits="2"/><line number="272" hits="1"/><line number="273" hits="1"/><line number="274" hits="2"/><line number="275" hits="2"/><line number="276" hits="2"/><line number="277" hits="1"/><line number="278" hits="1"/><line number="280" hits="1"/><line number="284" hits="1"/><line number="290" hits="1"/><line number="292" hits="1"/><line number="293" hits="1"/><line number="295" hits="1"/></lines></class></classes></package></packages></coverage>