<?xml version="1.0"?><coverage lines-covered="9187" lines-valid="12935" line-rate="NaN" branches-covered="0" branches-valid="0" branch-rate="0" complexity="0" version="1.9" timestamp="1600938406"><sources><source>/home/mudkipz/Desktop/work/swim-rust</source></sources><packages><package name="swim_client/src/router" line-rate="0.852112676056338" branch-rate="0" complexity="0"><classes><class name="mod" filename="swim_client/src/router/mod.rs" line-rate="0.8599033816425121" branch-rate="0" complexity="0"><methods/><lines><line number="108" hits="1"/><line number="112" hits="2"/><line number="114" hits="1"/><line number="115" hits="0"/><line number="117" hits="3"/><line number="131" hits="18"/><line number="132" hits="2"/><line number="134" hits="3"/><line number="135" hits="1"/><line number="136" hits="6"/><line number="138" hits="15"/><line number="139" hits="3"/><line number="140" hits="0"/><line number="144" hits="6"/><line number="145" hits="0"/><line number="148" hits="24"/><line number="150" hits="3"/><line number="151" hits="0"/><line number="152" hits="3"/><line number="153" hits="3"/><line number="155" hits="3"/><line number="184" hits="1"/><line number="193" hits="3"/><line number="194" hits="2"/><line number="196" hits="2"/><line number="197" hits="1"/><line number="198" hits="0"/><line number="199" hits="1"/><line number="200" hits="1"/><line number="201" hits="1"/><line number="203" hits="1"/><line number="204" hits="2"/><line number="208" hits="17"/><line number="209" hits="0"/><line number="210" hits="1"/><line number="211" hits="1"/><line number="212" hits="1"/><line number="213" hits="1"/><line number="214" hits="1"/><line number="215" hits="0"/><line number="217" hits="1"/><line number="219" hits="3"/><line number="221" hits="2"/><line number="222" hits="13"/><line number="224" hits="0"/><line number="225" hits="7"/><line number="227" hits="4"/><line number="228" hits="2"/><line number="229" hits="6"/><line number="230" hits="4"/><line number="231" hits="2"/><line number="234" hits="10"/><line number="236" hits="7"/><line number="238" hits="16"/><line number="239" hits="5"/><line number="240" hits="0"/><line number="241" hits="5"/><line number="243" hits="13"/><line number="244" hits="14"/><line number="245" hits="3"/><line number="248" hits="1"/><line number="249" hits="1"/><line number="251" hits="5"/><line number="252" hits="0"/><line number="254" hits="2"/><line number="255" hits="2"/><line number="258" hits="1"/><line number="259" hits="2"/><line number="260" hits="2"/><line number="261" hits="1"/><line number="262" hits="1"/><line number="265" hits="5"/><line number="266" hits="0"/><line number="267" hits="1"/><line number="270" hits="1"/><line number="271" hits="2"/><line number="272" hits="1"/><line number="274" hits="1"/><line number="276" hits="2"/><line number="278" hits="3"/><line number="280" hits="10"/><line number="281" hits="12"/><line number="282" hits="2"/><line number="283" hits="0"/><line number="284" hits="3"/><line number="287" hits="3"/><line number="295" hits="4"/><line number="305" hits="12"/><line number="306" hits="5"/><line number="307" hits="2"/><line number="309" hits="3"/><line number="310" hits="5"/><line number="311" hits="3"/><line number="312" hits="6"/><line number="313" hits="5"/><line number="314" hits="13"/><line number="320" hits="1"/><line number="325" hits="1"/><line number="326" hits="5"/><line number="328" hits="1"/><line number="330" hits="1"/><line number="331" hits="1"/><line number="344" hits="2"/><line number="364" hits="2"/><line number="400" hits="4"/><line number="410" hits="8"/><line number="411" hits="6"/><line number="412" hits="0"/><line number="415" hits="3"/><line number="416" hits="4"/><line number="417" hits="2"/><line number="418" hits="4"/><line number="419" hits="0"/><line number="420" hits="2"/><line number="421" hits="4"/><line number="423" hits="5"/><line number="424" hits="3"/><line number="428" hits="19"/><line number="429" hits="0"/><line number="430" hits="1"/><line number="431" hits="1"/><line number="432" hits="1"/><line number="433" hits="1"/><line number="434" hits="1"/><line number="435" hits="1"/><line number="436" hits="0"/><line number="438" hits="2"/><line number="439" hits="0"/><line number="441" hits="1"/><line number="442" hits="0"/><line number="443" hits="16"/><line number="444" hits="0"/><line number="447" hits="10"/><line number="448" hits="6"/><line number="449" hits="18"/><line number="452" hits="10"/><line number="453" hits="4"/><line number="454" hits="22"/><line number="457" hits="4"/><line number="459" hits="5"/><line number="460" hits="31"/><line number="462" hits="6"/><line number="463" hits="6"/><line number="464" hits="1"/><line number="465" hits="1"/><line number="466" hits="0"/><line number="467" hits="6"/><line number="468" hits="1"/><line number="469" hits="0"/><line number="470" hits="1"/><line number="472" hits="1"/><line number="473" hits="2"/><line number="474" hits="3"/><line number="475" hits="1"/><line number="476" hits="1"/><line number="478" hits="3"/><line number="479" hits="5"/><line number="480" hits="1"/><line number="481" hits="0"/><line number="482" hits="1"/><line number="485" hits="1"/><line number="486" hits="2"/><line number="487" hits="0"/><line number="488" hits="0"/><line number="490" hits="1"/><line number="491" hits="2"/><line number="492" hits="0"/><line number="493" hits="2"/><line number="494" hits="4"/><line number="495" hits="1"/><line number="496" hits="1"/><line number="501" hits="0"/><line number="502" hits="3"/><line number="503" hits="5"/><line number="504" hits="0"/><line number="505" hits="19"/><line number="506" hits="5"/><line number="507" hits="5"/><line number="508" hits="3"/><line number="510" hits="0"/><line number="511" hits="3"/><line number="513" hits="1"/><line number="514" hits="2"/><line number="515" hits="1"/><line number="517" hits="1"/><line number="519" hits="1"/><line number="520" hits="1"/><line number="522" hits="9"/><line number="523" hits="5"/><line number="524" hits="1"/><line number="525" hits="0"/><line number="526" hits="1"/><line number="529" hits="1"/><line number="537" hits="6"/><line number="542" hits="4"/><line number="543" hits="10"/><line number="544" hits="6"/><line number="546" hits="4"/><line number="547" hits="6"/><line number="559" hits="2"/><line number="563" hits="4"/><line number="564" hits="2"/><line number="565" hits="3"/><line number="574" hits="2"/><line number="575" hits="4"/><line number="578" hits="1"/><line number="579" hits="1"/></lines></class><class name="retry" filename="swim_client/src/router/retry.rs" line-rate="0.7592592592592593" branch-rate="0" complexity="0"><methods/><lines><line number="44" hits="2"/><line number="45" hits="2"/><line number="53" hits="1"/><line number="54" hits="1"/><line number="55" hits="2"/><line number="56" hits="2"/><line number="58" hits="0"/><line number="61" hits="0"/><line number="65" hits="2"/><line number="70" hits="2"/><line number="71" hits="2"/><line number="72" hits="2"/><line number="73" hits="35"/><line number="74" hits="6"/><line number="75" hits="11"/><line number="76" hits="4"/><line number="77" hits="5"/><line number="79" hits="18"/><line number="80" hits="9"/><line number="81" hits="0"/><line number="82" hits="0"/><line number="83" hits="0"/><line number="84" hits="0"/><line number="85" hits="0"/><line number="87" hits="0"/><line number="89" hits="0"/><line number="94" hits="2"/><line number="95" hits="4"/><line number="96" hits="2"/><line number="101" hits="1"/><line number="102" hits="2"/><line number="105" hits="0"/><line number="113" hits="2"/><line number="117" hits="2"/><line number="119" hits="12"/><line number="120" hits="2"/><line number="124" hits="0"/><line number="127" hits="13"/><line number="128" hits="7"/><line number="129" hits="3"/><line number="130" hits="2"/><line number="132" hits="0"/><line number="144" hits="2"/><line number="149" hits="4"/><line number="151" hits="2"/><line number="152" hits="2"/><line number="153" hits="2"/><line number="154" hits="0"/><line number="155" hits="2"/><line number="157" hits="2"/><line number="165" hits="2"/><line number="166" hits="2"/><line number="169" hits="1"/><line number="170" hits="2"/></lines></class></classes></package><package name="stm/src/transaction" line-rate="0.829736211031175" branch-rate="0" complexity="0"><classes><class name="mod" filename="stm/src/transaction/mod.rs" line-rate="0.8126649076517151" branch-rate="0" complexity="0"><methods/><lines><line number="52" hits="2"/><line number="54" hits="2"/><line number="55" hits="2"/><line number="65" hits="3"/><line number="66" hits="4"/><line number="70" hits="2"/><line number="71" hits="2"/><line number="72" hits="2"/><line number="76" hits="1"/><line number="77" hits="2"/><line number="78" hits="1"/><line number="82" hits="2"/><line number="83" hits="9"/><line number="84" hits="5"/><line number="85" hits="1"/><line number="86" hits="1"/><line number="87" hits="2"/><line number="90" hits="9"/><line number="94" hits="2"/><line number="95" hits="2"/><line number="96" hits="4"/><line number="97" hits="2"/><line number="99" hits="0"/><line number="104" hits="4"/><line number="105" hits="8"/><line number="106" hits="5"/><line number="107" hits="1"/><line number="112" hits="7"/><line number="113" hits="3"/><line number="114" hits="9"/><line number="115" hits="1"/><line number="120" hits="5"/><line number="121" hits="3"/><line number="122" hits="7"/><line number="123" hits="2"/><line number="128" hits="2"/><line number="129" hits="1"/><line number="130" hits="2"/><line number="151" hits="2"/><line number="152" hits="9"/><line number="174" hits="2"/><line number="175" hits="2"/><line number="178" hits="0"/><line number="179" hits="0"/><line number="180" hits="0"/><line number="181" hits="0"/><line number="183" hits="0"/><line number="188" hits="2"/><line number="189" hits="6"/><line number="190" hits="2"/><line number="192" hits="2"/><line number="195" hits="3"/><line number="196" hits="2"/><line number="198" hits="5"/><line number="199" hits="3"/><line number="200" hits="0"/><line number="201" hits="0"/><line number="202" hits="0"/><line number="204" hits="2"/><line number="213" hits="3"/><line number="214" hits="2"/><line number="218" hits="3"/><line number="219" hits="5"/><line number="220" hits="3"/><line number="221" hits="18"/><line number="222" hits="8"/><line number="223" hits="5"/><line number="225" hits="6"/><line number="226" hits="16"/><line number="229" hits="3"/><line number="230" hits="8"/><line number="231" hits="5"/><line number="233" hits="0"/><line number="234" hits="0"/><line number="236" hits="3"/><line number="241" hits="2"/><line number="242" hits="7"/><line number="243" hits="20"/><line number="244" hits="15"/><line number="245" hits="9"/><line number="247" hits="2"/><line number="252" hits="5"/><line number="253" hits="16"/><line number="254" hits="11"/><line number="255" hits="23"/><line number="256" hits="18"/><line number="257" hits="4"/><line number="262" hits="1"/><line number="263" hits="2"/><line number="264" hits="2"/><line number="265" hits="1"/><line number="269" hits="9"/><line number="270" hits="20"/><line number="271" hits="11"/><line number="272" hits="4"/><line number="273" hits="11"/><line number="274" hits="5"/><line number="275" hits="0"/><line number="277" hits="0"/><line number="284" hits="1"/><line number="285" hits="1"/><line number="286" hits="1"/><line number="287" hits="6"/><line number="288" hits="4"/><line number="289" hits="3"/><line number="290" hits="3"/><line number="292" hits="0"/><line number="293" hits="1"/><line number="294" hits="2"/><line number="295" hits="2"/><line number="296" hits="1"/><line number="298" hits="1"/><line number="301" hits="1"/><line number="302" hits="1"/><line number="303" hits="3"/><line number="304" hits="5"/><line number="305" hits="2"/><line number="306" hits="1"/><line number="308" hits="1"/><line number="311" hits="1"/><line number="314" hits="0"/><line number="316" hits="1"/><line number="317" hits="2"/><line number="318" hits="2"/><line number="319" hits="2"/><line number="321" hits="1"/><line number="344" hits="7"/><line number="349" hits="21"/><line number="350" hits="13"/><line number="352" hits="3"/><line number="357" hits="3"/><line number="362" hits="12"/><line number="363" hits="6"/><line number="365" hits="3"/><line number="370" hits="5"/><line number="375" hits="8"/><line number="376" hits="3"/><line number="378" hits="5"/><line number="385" hits="2"/><line number="387" hits="2"/><line number="388" hits="2"/><line number="389" hits="3"/><line number="390" hits="3"/><line number="391" hits="3"/><line number="397" hits="1"/><line number="398" hits="1"/><line number="401" hits="8"/><line number="402" hits="14"/><line number="403" hits="5"/><line number="409" hits="8"/><line number="410" hits="5"/><line number="411" hits="3"/><line number="415" hits="16"/><line number="416" hits="0"/><line number="417" hits="6"/><line number="418" hits="16"/><line number="419" hits="6"/><line number="420" hits="0"/><line number="421" hits="0"/><line number="422" hits="22"/><line number="423" hits="31"/><line number="424" hits="18"/><line number="425" hits="11"/><line number="427" hits="1"/><line number="428" hits="2"/><line number="431" hits="5"/><line number="435" hits="5"/><line number="436" hits="0"/><line number="437" hits="3"/><line number="438" hits="5"/><line number="439" hits="0"/><line number="440" hits="0"/><line number="441" hits="8"/><line number="444" hits="3"/><line number="445" hits="0"/><line number="446" hits="5"/><line number="447" hits="3"/><line number="448" hits="5"/><line number="449" hits="3"/><line number="450" hits="0"/><line number="451" hits="0"/><line number="452" hits="12"/><line number="453" hits="4"/><line number="454" hits="0"/><line number="456" hits="2"/><line number="457" hits="2"/><line number="460" hits="8"/><line number="461" hits="5"/><line number="462" hits="3"/><line number="463" hits="5"/><line number="464" hits="3"/><line number="465" hits="3"/><line number="470" hits="36"/><line number="471" hits="4"/><line number="472" hits="7"/><line number="473" hits="23"/><line number="474" hits="9"/><line number="475" hits="3"/><line number="476" hits="0"/><line number="477" hits="10"/><line number="479" hits="9"/><line number="480" hits="6"/><line number="481" hits="8"/><line number="483" hits="0"/><line number="484" hits="4"/><line number="485" hits="4"/><line number="487" hits="8"/><line number="488" hits="11"/><line number="489" hits="6"/><line number="491" hits="0"/><line number="494" hits="11"/><line number="495" hits="11"/><line number="496" hits="27"/><line number="497" hits="0"/><line number="498" hits="8"/><line number="499" hits="3"/><line number="501" hits="0"/><line number="502" hits="0"/><line number="507" hits="11"/><line number="508" hits="20"/><line number="509" hits="6"/><line number="510" hits="35"/><line number="511" hits="0"/><line number="512" hits="9"/><line number="513" hits="3"/><line number="515" hits="0"/><line number="516" hits="2"/><line number="522" hits="21"/><line number="523" hits="16"/><line number="525" hits="4"/><line number="529" hits="2"/><line number="530" hits="4"/><line number="532" hits="8"/><line number="533" hits="8"/><line number="534" hits="4"/><line number="535" hits="0"/><line number="536" hits="4"/><line number="537" hits="0"/><line number="539" hits="0"/><line number="545" hits="1"/><line number="546" hits="1"/><line number="547" hits="2"/><line number="549" hits="4"/><line number="550" hits="1"/><line number="551" hits="1"/><line number="552" hits="1"/><line number="553" hits="2"/><line number="554" hits="0"/><line number="555" hits="0"/><line number="556" hits="1"/><line number="558" hits="0"/><line number="560" hits="0"/><line number="565" hits="2"/><line number="566" hits="1"/><line number="567" hits="2"/><line number="568" hits="1"/><line number="572" hits="2"/><line number="573" hits="2"/><line number="577" hits="1"/><line number="578" hits="0"/><line number="579" hits="1"/><line number="580" hits="1"/><line number="581" hits="1"/><line number="582" hits="0"/><line number="583" hits="0"/><line number="585" hits="2"/><line number="586" hits="3"/><line number="587" hits="3"/><line number="588" hits="2"/><line number="589" hits="1"/><line number="591" hits="0"/><line number="593" hits="2"/><line number="594" hits="1"/><line number="597" hits="5"/><line number="598" hits="3"/><line number="599" hits="2"/><line number="603" hits="0"/><line number="627" hits="1"/><line number="628" hits="1"/><line number="629" hits="1"/><line number="630" hits="0"/><line number="631" hits="0"/><line number="632" hits="0"/><line number="633" hits="0"/><line number="635" hits="0"/><line number="637" hits="0"/><line number="638" hits="0"/><line number="640" hits="0"/><line number="641" hits="0"/><line number="643" hits="0"/><line number="645" hits="0"/><line number="646" hits="0"/><line number="648" hits="0"/><line number="649" hits="2"/><line number="656" hits="0"/><line number="657" hits="0"/><line number="658" hits="0"/><line number="659" hits="0"/><line number="678" hits="101"/><line number="687" hits="100"/><line number="689" hits="107"/><line number="690" hits="100"/><line number="692" hits="114"/><line number="693" hits="207"/><line number="694" hits="522"/><line number="695" hits="5"/><line number="696" hits="205"/><line number="697" hits="296"/><line number="698" hits="94"/><line number="700" hits="2"/><line number="701" hits="4"/><line number="702" hits="0"/><line number="703" hits="5"/><line number="704" hits="0"/><line number="705" hits="0"/><line number="710" hits="4"/><line number="711" hits="4"/><line number="714" hits="16"/><line number="715" hits="2"/><line number="716" hits="24"/><line number="717" hits="1"/><line number="719" hits="29"/><line number="723" hits="7"/><line number="728" hits="101"/><line number="736" hits="207"/><line number="737" hits="327"/><line number="744" hits="2"/><line number="745" hits="2"/><line number="752" hits="2"/><line number="753" hits="2"/><line number="754" hits="2"/><line number="755" hits="1"/><line number="757" hits="1"/><line number="758" hits="2"/><line number="759" hits="1"/><line number="761" hits="1"/><line number="777" hits="10"/><line number="778" hits="5"/><line number="785" hits="5"/><line number="790" hits="11"/><line number="791" hits="5"/><line number="792" hits="11"/><line number="793" hits="5"/><line number="794" hits="12"/><line number="795" hits="0"/><line number="796" hits="0"/><line number="798" hits="12"/><line number="799" hits="0"/><line number="800" hits="15"/><line number="801" hits="6"/><line number="802" hits="6"/><line number="803" hits="11"/><line number="804" hits="4"/><line number="805" hits="1"/><line number="807" hits="5"/><line number="809" hits="0"/><line number="810" hits="12"/><line number="811" hits="6"/><line number="812" hits="6"/><line number="816" hits="6"/><line number="817" hits="38"/><line number="818" hits="30"/><line number="819" hits="6"/><line number="821" hits="18"/><line number="822" hits="7"/><line number="824" hits="11"/><line number="825" hits="8"/><line number="828" hits="12"/><line number="829" hits="8"/><line number="830" hits="12"/><line number="831" hits="20"/><line number="849" hits="3"/><line number="852" hits="3"/><line number="856" hits="18"/><line number="857" hits="0"/><line number="858" hits="3"/><line number="859" hits="3"/><line number="860" hits="0"/><line number="861" hits="12"/></lines></class></classes></package><package name="swim_server/src/agent/lane/channels/uplink/map" line-rate="0.7075471698113207" branch-rate="0" complexity="0"><classes><class name="mod" filename="swim_server/src/agent/lane/channels/uplink/map/mod.rs" line-rate="0.7075471698113207" branch-rate="0" complexity="0"><methods/><lines><line number="80" hits="2"/><line number="85" hits="3"/><line number="89" hits="0"/><line number="94" hits="0"/><line number="99" hits="2"/><line number="106" hits="5"/><line number="107" hits="3"/><line number="108" hits="9"/><line number="109" hits="3"/><line number="110" hits="2"/><line number="111" hits="14"/><line number="112" hits="2"/><line number="113" hits="20"/><line number="118" hits="2"/><line number="119" hits="3"/><line number="138" hits="2"/><line number="148" hits="3"/><line number="149" hits="16"/><line number="150" hits="2"/><line number="151" hits="10"/><line number="153" hits="2"/><line number="154" hits="7"/><line number="158" hits="1"/><line number="163" hits="4"/><line number="164" hits="4"/><line number="165" hits="2"/><line number="166" hits="1"/><line number="167" hits="2"/><line number="168" hits="1"/><line number="172" hits="2"/><line number="173" hits="3"/><line number="174" hits="1"/><line number="209" hits="3"/><line number="221" hits="2"/><line number="223" hits="18"/><line number="224" hits="2"/><line number="225" hits="13"/><line number="226" hits="5"/><line number="227" hits="6"/><line number="229" hits="3"/><line number="230" hits="13"/><line number="234" hits="0"/><line number="235" hits="2"/><line number="236" hits="0"/><line number="237" hits="0"/><line number="238" hits="0"/><line number="239" hits="0"/><line number="240" hits="0"/><line number="242" hits="0"/><line number="243" hits="0"/><line number="244" hits="0"/><line number="248" hits="0"/><line number="249" hits="0"/><line number="253" hits="0"/><line number="254" hits="0"/><line number="256" hits="5"/><line number="257" hits="5"/><line number="258" hits="3"/><line number="260" hits="0"/><line number="261" hits="0"/><line number="262" hits="0"/><line number="267" hits="2"/><line number="268" hits="3"/><line number="269" hits="2"/><line number="270" hits="12"/><line number="271" hits="5"/><line number="272" hits="5"/><line number="273" hits="2"/><line number="275" hits="2"/><line number="276" hits="3"/><line number="279" hits="0"/><line number="280" hits="0"/><line number="282" hits="0"/><line number="283" hits="0"/><line number="285" hits="0"/><line number="288" hits="0"/><line number="289" hits="0"/><line number="293" hits="2"/><line number="294" hits="3"/><line number="296" hits="0"/><line number="297" hits="20"/><line number="302" hits="3"/><line number="303" hits="2"/><line number="304" hits="2"/><line number="305" hits="2"/><line number="306" hits="2"/><line number="308" hits="0"/><line number="310" hits="0"/><line number="311" hits="0"/><line number="314" hits="6"/><line number="316" hits="5"/><line number="317" hits="3"/><line number="318" hits="4"/><line number="319" hits="5"/><line number="320" hits="3"/><line number="321" hits="2"/><line number="323" hits="2"/><line number="324" hits="3"/><line number="326" hits="3"/><line number="328" hits="0"/><line number="329" hits="0"/><line number="331" hits="5"/><line number="334" hits="4"/><line number="335" hits="1"/><line number="341" hits="2"/><line number="345" hits="5"/></lines></class></classes></package><package name="swim_client/src/downlink/model/command" line-rate="0.3684210526315789" branch-rate="0" complexity="0"><classes><class name="mod" filename="swim_client/src/downlink/model/command/mod.rs" line-rate="0.3684210526315789" branch-rate="0" complexity="0"><methods/><lines><line number="28" hits="0"/><line number="36" hits="0"/><line number="38" hits="0"/><line number="39" hits="0"/><line number="41" hits="0"/><line number="42" hits="0"/><line number="43" hits="0"/><line number="44" hits="0"/><line number="55" hits="2"/><line number="64" hits="0"/><line number="66" hits="0"/><line number="67" hits="0"/><line number="70" hits="2"/><line number="76" hits="1"/><line number="77" hits="4"/><line number="78" hits="3"/><line number="79" hits="1"/><line number="81" hits="2"/><line number="85" hits="0"/></lines></class></classes></package><package name="swim_client/src/downlink/typed/topic" line-rate="0.7083333333333334" branch-rate="0" complexity="0"><classes><class name="mod" filename="swim_client/src/downlink/typed/topic/mod.rs" line-rate="0.7083333333333334" branch-rate="0" complexity="0"><methods/><lines><line number="34" hits="1"/><line number="35" hits="1"/><line number="40" hits="0"/><line number="41" hits="0"/><line number="52" hits="1"/><line number="53" hits="1"/><line number="58" hits="0"/><line number="59" hits="0"/><line number="66" hits="1"/><line number="67" hits="0"/><line number="72" hits="1"/><line number="73" hits="0"/><line number="80" hits="1"/><line number="81" hits="3"/><line number="88" hits="1"/><line number="89" hits="3"/><line number="102" hits="1"/><line number="115" hits="1"/><line number="116" hits="0"/><line number="127" hits="1"/><line number="128" hits="3"/><line number="141" hits="1"/><line number="142" hits="2"/><line number="144" hits="2"/></lines></class></classes></package><package name="stm/src/var" line-rate="0.8760330578512396" branch-rate="0" complexity="0"><classes><class name="mod" filename="stm/src/var/mod.rs" line-rate="0.8715596330275229" branch-rate="0" complexity="0"><methods/><lines><line number="49" hits="15"/><line number="50" hits="5"/><line number="51" hits="6"/><line number="53" hits="9"/><line number="66" hits="3"/><line number="67" hits="9"/><line number="73" hits="8"/><line number="77" hits="10"/><line number="81" hits="15"/><line number="86" hits="12"/><line number="96" hits="9"/><line number="102" hits="9"/><line number="112" hits="6"/><line number="117" hits="6"/><line number="121" hits="9"/><line number="123" hits="3"/><line number="128" hits="2"/><line number="129" hits="4"/><line number="130" hits="2"/><line number="132" hits="2"/><line number="138" hits="1"/><line number="139" hits="2"/><line number="140" hits="4"/><line number="141" hits="1"/><line number="142" hits="2"/><line number="143" hits="1"/><line number="144" hits="0"/><line number="146" hits="2"/><line number="148" hits="1"/><line number="150" hits="1"/><line number="153" hits="0"/><line number="159" hits="25"/><line number="160" hits="13"/><line number="161" hits="11"/><line number="162" hits="5"/><line number="164" hits="0"/><line number="170" hits="8"/><line number="175" hits="16"/><line number="176" hits="3"/><line number="177" hits="25"/><line number="178" hits="1"/><line number="180" hits="2"/><line number="189" hits="10"/><line number="190" hits="9"/><line number="191" hits="10"/><line number="196" hits="0"/><line number="197" hits="0"/><line number="202" hits="6"/><line number="203" hits="6"/><line number="211" hits="10"/><line number="212" hits="5"/><line number="217" hits="10"/><line number="218" hits="0"/><line number="223" hits="0"/><line number="224" hits="0"/><line number="236" hits="3"/><line number="237" hits="12"/><line number="238" hits="18"/><line number="250" hits="0"/><line number="251" hits="0"/><line number="252" hits="0"/><line number="254" hits="0"/><line number="255" hits="0"/><line number="261" hits="8"/><line number="262" hits="10"/><line number="265" hits="6"/><line number="266" hits="1"/><line number="269" hits="6"/><line number="273" hits="6"/><line number="276" hits="3"/><line number="281" hits="3"/><line number="282" hits="0"/><line number="289" hits="5"/><line number="290" hits="5"/><line number="291" hits="5"/><line number="295" hits="11"/><line number="296" hits="10"/><line number="298" hits="21"/><line number="299" hits="11"/><line number="305" hits="1"/><line number="306" hits="2"/><line number="308" hits="1"/><line number="315" hits="2"/><line number="316" hits="2"/><line number="320" hits="6"/><line number="321" hits="3"/><line number="329" hits="28"/><line number="330" hits="5"/><line number="331" hits="14"/><line number="332" hits="18"/><line number="333" hits="5"/><line number="337" hits="4"/><line number="340" hits="18"/><line number="341" hits="3"/><line number="342" hits="10"/><line number="343" hits="6"/><line number="344" hits="10"/><line number="348" hits="17"/><line number="349" hits="10"/><line number="355" hits="9"/><line number="356" hits="2"/><line number="357" hits="6"/><line number="358" hits="8"/><line number="359" hits="2"/><line number="363" hits="2"/><line number="376" hits="35"/><line number="377" hits="7"/><line number="379" hits="12"/><line number="380" hits="25"/></lines></class><class name="observer" filename="stm/src/var/observer.rs" line-rate="0.9166666666666666" branch-rate="0" complexity="0"><methods/><lines><line number="52" hits="9"/><line number="53" hits="9"/><line number="62" hits="7"/><line number="66" hits="7"/><line number="67" hits="27"/><line number="68" hits="32"/><line number="69" hits="0"/><line number="79" hits="1"/><line number="85" hits="1"/><line number="96" hits="1"/><line number="97" hits="1"/><line number="98" hits="2"/></lines></class></classes></package><package name="utilities/src/ptr" line-rate="1" branch-rate="0" complexity="0"><classes><class name="mod" filename="utilities/src/ptr/mod.rs" line-rate="1" branch-rate="0" complexity="0"><methods/><lines><line number="38" hits="8"/><line number="39" hits="6"/><line number="40" hits="8"/><line number="42" hits="6"/></lines></class></classes></package><package name="swim_client/src/downlink/raw" line-rate="0.7183098591549296" branch-rate="0" complexity="0"><classes><class name="mod" filename="swim_client/src/downlink/raw/mod.rs" line-rate="0.7183098591549296" branch-rate="0" complexity="0"><methods/><lines><line number="50" hits="0"/><line number="54" hits="0"/><line number="55" hits="0"/><line number="58" hits="0"/><line number="59" hits="0"/><line number="64" hits="9"/><line number="65" hits="5"/><line number="76" hits="0"/><line number="77" hits="0"/><line number="78" hits="0"/><line number="83" hits="0"/><line number="84" hits="0"/><line number="99" hits="0"/><line number="100" hits="0"/><line number="113" hits="18"/><line number="125" hits="3"/><line number="126" hits="0"/><line number="127" hits="8"/><line number="128" hits="3"/><line number="129" hits="8"/><line number="130" hits="0"/><line number="133" hits="3"/><line number="137" hits="8"/><line number="139" hits="3"/><line number="145" hits="4"/><line number="163" hits="9"/><line number="164" hits="7"/><line number="166" hits="14"/><line number="168" hits="3"/><line number="170" hits="11"/><line number="174" hits="8"/><line number="175" hits="3"/><line number="176" hits="8"/><line number="177" hits="3"/><line number="181" hits="6"/><line number="182" hits="8"/><line number="183" hits="3"/><line number="184" hits="8"/><line number="188" hits="8"/><line number="196" hits="3"/><line number="207" hits="5"/><line number="220" hits="1"/><line number="221" hits="1"/><line number="225" hits="1"/><line number="226" hits="1"/><line number="247" hits="1"/><line number="248" hits="0"/><line number="249" hits="2"/><line number="250" hits="0"/><line number="254" hits="20"/><line number="255" hits="0"/><line number="256" hits="35"/><line number="257" hits="0"/><line number="263" hits="20"/><line number="280" hits="0"/><line number="294" hits="0"/><line number="295" hits="18"/><line number="296" hits="14"/><line number="297" hits="18"/><line number="298" hits="15"/><line number="299" hits="18"/><line number="300" hits="0"/><line number="302" hits="15"/><line number="303" hits="33"/><line number="304" hits="34"/><line number="306" hits="36"/><line number="307" hits="36"/><line number="309" hits="20"/><line number="310" hits="16"/><line number="312" hits="20"/><line number="313" hits="16"/><line number="314" hits="20"/><line number="316" hits="16"/><line number="318" hits="36"/><line number="320" hits="36"/><line number="321" hits="52"/><line number="322" hits="0"/><line number="323" hits="2"/><line number="324" hits="1"/><line number="325" hits="7"/><line number="326" hits="0"/><line number="327" hits="0"/><line number="329" hits="1"/><line number="331" hits="1"/><line number="332" hits="10"/><line number="333" hits="0"/><line number="334" hits="0"/><line number="336" hits="1"/><line number="339" hits="89"/><line number="342" hits="13"/><line number="343" hits="35"/><line number="344" hits="20"/><line number="345" hits="15"/><line number="346" hits="20"/><line number="347" hits="15"/><line number="348" hits="20"/><line number="349" hits="0"/><line number="350" hits="35"/><line number="351" hits="1"/><line number="352" hits="1"/><line number="353" hits="1"/><line number="355" hits="0"/><line number="356" hits="2"/><line number="357" hits="1"/><line number="359" hits="0"/><line number="360" hits="1"/><line number="365" hits="19"/><line number="366" hits="23"/><line number="367" hits="3"/><line number="368" hits="0"/><line number="370" hits="5"/><line number="372" hits="5"/><line number="373" hits="10"/><line number="374" hits="0"/><line number="376" hits="7"/><line number="378" hits="70"/><line number="379" hits="1"/><line number="382" hits="41"/><line number="383" hits="1"/><line number="384" hits="13"/><line number="385" hits="0"/><line number="386" hits="13"/><line number="387" hits="0"/><line number="390" hits="0"/><line number="391" hits="0"/><line number="392" hits="0"/><line number="393" hits="0"/><line number="396" hits="0"/><line number="397" hits="0"/><line number="401" hits="13"/><line number="402" hits="36"/><line number="403" hits="0"/><line number="407" hits="4"/><line number="408" hits="1"/><line number="409" hits="3"/><line number="410" hits="1"/><line number="416" hits="5"/><line number="424" hits="23"/><line number="425" hits="9"/><line number="426" hits="1"/><line number="429" hits="13"/><line number="431" hits="18"/></lines></class></classes></package><package name="swim_client/src/downlink/typed/action" line-rate="0.7831325301204819" branch-rate="0" complexity="0"><classes><class name="mod" filename="swim_client/src/downlink/typed/action/mod.rs" line-rate="0.7831325301204819" branch-rate="0" complexity="0"><methods/><lines><line number="37" hits="3"/><line number="51" hits="7"/><line number="52" hits="1"/><line number="53" hits="2"/><line number="54" hits="5"/><line number="55" hits="4"/><line number="59" hits="14"/><line number="60" hits="2"/><line number="61" hits="4"/><line number="62" hits="8"/><line number="63" hits="4"/><line number="64" hits="4"/><line number="65" hits="4"/><line number="69" hits="6"/><line number="70" hits="4"/><line number="74" hits="4"/><line number="78" hits="2"/><line number="79" hits="4"/><line number="80" hits="4"/><line number="81" hits="8"/><line number="82" hits="2"/><line number="83" hits="4"/><line number="84" hits="4"/><line number="88" hits="2"/><line number="92" hits="1"/><line number="93" hits="4"/><line number="104" hits="0"/><line number="105" hits="0"/><line number="117" hits="3"/><line number="132" hits="13"/><line number="133" hits="1"/><line number="134" hits="2"/><line number="135" hits="4"/><line number="136" hits="2"/><line number="137" hits="1"/><line number="138" hits="7"/><line number="142" hits="21"/><line number="143" hits="3"/><line number="144" hits="6"/><line number="145" hits="12"/><line number="146" hits="3"/><line number="147" hits="6"/><line number="148" hits="3"/><line number="149" hits="3"/><line number="151" hits="7"/><line number="152" hits="4"/><line number="156" hits="7"/><line number="157" hits="3"/><line number="158" hits="2"/><line number="159" hits="0"/><line number="164" hits="0"/><line number="172" hits="0"/><line number="173" hits="0"/><line number="174" hits="0"/><line number="175" hits="0"/><line number="176" hits="0"/><line number="177" hits="0"/><line number="178" hits="0"/><line number="179" hits="0"/><line number="180" hits="0"/><line number="181" hits="0"/><line number="183" hits="0"/><line number="184" hits="0"/><line number="185" hits="0"/><line number="186" hits="0"/><line number="194" hits="0"/><line number="195" hits="0"/><line number="196" hits="0"/><line number="197" hits="0"/><line number="199" hits="0"/><line number="200" hits="0"/><line number="204" hits="14"/><line number="205" hits="2"/><line number="206" hits="4"/><line number="207" hits="8"/><line number="208" hits="4"/><line number="209" hits="4"/><line number="210" hits="4"/><line number="214" hits="6"/><line number="215" hits="3"/><line number="216" hits="1"/><line number="217" hits="0"/><line number="220" hits="8"/><line number="221" hits="1"/><line number="222" hits="2"/><line number="223" hits="4"/><line number="224" hits="1"/><line number="225" hits="1"/><line number="226" hits="4"/><line number="230" hits="6"/><line number="231" hits="5"/><line number="236" hits="6"/><line number="237" hits="3"/><line number="241" hits="6"/><line number="242" hits="4"/><line number="245" hits="7"/><line number="246" hits="1"/><line number="247" hits="2"/><line number="248" hits="2"/><line number="249" hits="2"/><line number="250" hits="4"/><line number="251" hits="1"/><line number="252" hits="1"/><line number="253" hits="6"/><line number="254" hits="7"/><line number="255" hits="1"/><line number="259" hits="6"/><line number="260" hits="5"/><line number="265" hits="1"/><line number="269" hits="3"/><line number="270" hits="0"/><line number="271" hits="2"/><line number="275" hits="6"/><line number="276" hits="4"/><line number="279" hits="11"/><line number="280" hits="2"/><line number="281" hits="4"/><line number="282" hits="3"/><line number="283" hits="4"/><line number="284" hits="8"/><line number="285" hits="2"/><line number="286" hits="2"/><line number="287" hits="12"/><line number="288" hits="14"/><line number="289" hits="2"/><line number="293" hits="6"/><line number="294" hits="5"/><line number="299" hits="1"/><line number="303" hits="3"/><line number="304" hits="0"/><line number="305" hits="2"/><line number="309" hits="6"/><line number="310" hits="4"/><line number="314" hits="7"/><line number="315" hits="1"/><line number="316" hits="2"/><line number="317" hits="5"/><line number="318" hits="6"/><line number="319" hits="2"/><line number="330" hits="0"/><line number="331" hits="0"/><line number="335" hits="3"/><line number="340" hits="9"/><line number="341" hits="6"/><line number="342" hits="0"/><line number="362" hits="1"/><line number="365" hits="6"/><line number="366" hits="3"/><line number="367" hits="0"/><line number="368" hits="0"/><line number="372" hits="1"/><line number="375" hits="6"/><line number="377" hits="2"/><line number="378" hits="1"/><line number="379" hits="3"/><line number="380" hits="0"/><line number="381" hits="0"/><line number="385" hits="1"/><line number="388" hits="15"/><line number="389" hits="5"/><line number="390" hits="9"/><line number="391" hits="3"/><line number="392" hits="0"/><line number="393" hits="0"/><line number="395" hits="1"/><line number="396" hits="1"/></lines></class></classes></package><package name="swim_common/src/warp/path" line-rate="0.65" branch-rate="0" complexity="0"><classes><class name="mod" filename="swim_common/src/warp/path/mod.rs" line-rate="0.65" branch-rate="0" complexity="0"><methods/><lines><line number="27" hits="2"/><line number="30" hits="2"/><line number="31" hits="2"/><line number="45" hits="4"/><line number="46" hits="4"/><line number="47" hits="2"/><line number="50" hits="0"/><line number="52" hits="0"/><line number="53" hits="0"/><line number="59" hits="0"/><line number="60" hits="0"/><line number="61" hits="0"/><line number="63" hits="0"/><line number="76" hits="1"/><line number="78" hits="1"/><line number="79" hits="1"/><line number="93" hits="1"/><line number="94" hits="1"/><line number="100" hits="1"/><line number="101" hits="1"/></lines></class></classes></package><package name="swim_server/src/agent/lane/channels/update/value" line-rate="1" branch-rate="0" complexity="0"><classes><class name="mod" filename="swim_server/src/agent/lane/channels/update/value/mod.rs" line-rate="1" branch-rate="0" complexity="0"><methods/><lines><line number="34" hits="1"/><line number="47" hits="1"/><line number="56" hits="1"/><line number="57" hits="5"/><line number="58" hits="2"/><line number="59" hits="8"/><line number="60" hits="2"/><line number="61" hits="2"/><line number="62" hits="3"/><line number="64" hits="1"/></lines></class></classes></package><package name="swim_client/src/downlink/buffered" line-rate="0.5217391304347826" branch-rate="0" complexity="0"><classes><class name="mod" filename="swim_client/src/downlink/buffered/mod.rs" line-rate="0.5217391304347826" branch-rate="0" complexity="0"><methods/><lines><line number="61" hits="0"/><line number="62" hits="0"/><line number="63" hits="0"/><line number="64" hits="0"/><line number="65" hits="0"/><line number="75" hits="0"/><line number="76" hits="0"/><line number="81" hits="0"/><line number="82" hits="0"/><line number="87" hits="0"/><line number="89" hits="0"/><line number="90" hits="0"/><line number="91" hits="0"/><line number="97" hits="0"/><line number="98" hits="0"/><line number="101" hits="0"/><line number="102" hits="0"/><line number="106" hits="2"/><line number="107" hits="2"/><line number="111" hits="0"/><line number="112" hits="0"/><line number="116" hits="2"/><line number="117" hits="2"/><line number="129" hits="2"/><line number="136" hits="4"/><line number="137" hits="4"/><line number="139" hits="2"/><line number="140" hits="2"/><line number="143" hits="4"/><line number="144" hits="4"/><line number="146" hits="2"/><line number="147" hits="2"/><line number="148" hits="2"/><line number="149" hits="2"/><line number="151" hits="2"/><line number="165" hits="0"/><line number="166" hits="0"/><line number="168" hits="0"/><line number="179" hits="0"/><line number="180" hits="0"/><line number="192" hits="0"/><line number="193" hits="0"/><line number="194" hits="0"/><line number="195" hits="0"/><line number="196" hits="0"/><line number="197" hits="0"/><line number="198" hits="0"/><line number="199" hits="0"/><line number="200" hits="0"/><line number="204" hits="2"/><line number="224" hits="4"/><line number="225" hits="4"/><line number="227" hits="4"/><line number="229" hits="2"/><line number="231" hits="4"/><line number="235" hits="2"/><line number="236" hits="2"/><line number="237" hits="2"/><line number="238" hits="2"/><line number="239" hits="2"/><line number="242" hits="4"/><line number="243" hits="2"/><line number="244" hits="2"/><line number="245" hits="2"/><line number="246" hits="2"/><line number="249" hits="4"/><line number="251" hits="2"/><line number="253" hits="2"/><line number="256" hits="2"/></lines></class></classes></package><package name="swim_client/src/downlink/model/event" line-rate="0.42" branch-rate="0" complexity="0"><classes><class name="mod" filename="swim_client/src/downlink/model/event/mod.rs" line-rate="0.42" branch-rate="0" complexity="0"><methods/><lines><line number="36" hits="0"/><line number="49" hits="0"/><line number="50" hits="0"/><line number="51" hits="0"/><line number="53" hits="0"/><line number="58" hits="0"/><line number="70" hits="0"/><line number="71" hits="0"/><line number="72" hits="0"/><line number="73" hits="0"/><line number="78" hits="0"/><line number="91" hits="0"/><line number="92" hits="0"/><line number="93" hits="0"/><line number="95" hits="0"/><line number="105" hits="2"/><line number="114" hits="0"/><line number="116" hits="0"/><line number="117" hits="0"/><line number="121" hits="0"/><line number="127" hits="2"/><line number="128" hits="1"/><line number="129" hits="2"/><line number="130" hits="2"/><line number="131" hits="1"/><line number="133" hits="2"/><line number="134" hits="1"/><line number="138" hits="5"/><line number="139" hits="1"/><line number="140" hits="0"/><line number="141" hits="0"/><line number="144" hits="1"/><line number="145" hits="2"/><line number="146" hits="1"/><line number="148" hits="2"/><line number="149" hits="2"/><line number="150" hits="0"/><line number="151" hits="2"/><line number="157" hits="0"/><line number="158" hits="2"/><line number="159" hits="1"/><line number="162" hits="1"/><line number="164" hits="2"/><line number="166" hits="0"/><line number="167" hits="0"/><line number="168" hits="0"/><line number="170" hits="0"/><line number="172" hits="0"/><line number="173" hits="0"/><line number="176" hits="2"/></lines></class></classes></package><package name="utilities/src/sync/rwlock" line-rate="0.9072164948453608" branch-rate="0" complexity="0"><classes><class name="mod" filename="utilities/src/sync/rwlock/mod.rs" line-rate="0.9072164948453608" branch-rate="0" complexity="0"><methods/><lines><line number="39" hits="2"/><line number="59" hits="2"/><line number="60" hits="0"/><line number="61" hits="2"/><line number="62" hits="2"/><line number="63" hits="2"/><line number="64" hits="0"/><line number="66" hits="10"/><line number="67" hits="0"/><line number="69" hits="1"/><line number="70" hits="1"/><line number="72" hits="2"/><line number="73" hits="2"/><line number="74" hits="6"/><line number="75" hits="2"/><line number="77" hits="2"/><line number="78" hits="3"/><line number="79" hits="2"/><line number="81" hits="3"/><line number="86" hits="2"/><line number="87" hits="0"/><line number="88" hits="2"/><line number="89" hits="2"/><line number="90" hits="2"/><line number="91" hits="0"/><line number="92" hits="6"/><line number="93" hits="1"/><line number="94" hits="6"/><line number="95" hits="7"/><line number="96" hits="1"/><line number="97" hits="1"/><line number="99" hits="2"/><line number="100" hits="2"/><line number="101" hits="2"/><line number="103" hits="5"/><line number="104" hits="2"/><line number="105" hits="2"/><line number="107" hits="0"/><line number="108" hits="1"/><line number="109" hits="1"/><line number="116" hits="9"/><line number="117" hits="22"/><line number="118" hits="2"/><line number="119" hits="2"/><line number="120" hits="4"/><line number="121" hits="2"/><line number="123" hits="2"/><line number="125" hits="4"/><line number="141" hits="6"/><line number="142" hits="16"/><line number="143" hits="0"/><line number="144" hits="0"/><line number="147" hits="10"/><line number="148" hits="2"/><line number="150" hits="6"/><line number="152" hits="3"/><line number="158" hits="5"/><line number="159" hits="11"/><line number="160" hits="6"/><line number="161" hits="11"/><line number="162" hits="5"/><line number="163" hits="5"/><line number="164" hits="4"/><line number="166" hits="16"/><line number="167" hits="11"/><line number="168" hits="0"/><line number="170" hits="0"/><line number="171" hits="0"/><line number="172" hits="0"/><line number="173" hits="0"/><line number="177" hits="5"/><line number="179" hits="1"/><line number="186" hits="5"/><line number="187" hits="25"/><line number="188" hits="5"/><line number="190" hits="4"/><line number="195" hits="3"/><line number="196" hits="5"/><line number="197" hits="2"/><line number="199" hits="3"/><line number="204" hits="6"/><line number="205" hits="17"/><line number="206" hits="6"/><line number="208" hits="3"/><line number="213" hits="1"/><line number="214" hits="2"/><line number="215" hits="1"/><line number="217" hits="1"/><line number="222" hits="3"/><line number="223" hits="5"/><line number="227" hits="4"/><line number="228" hits="8"/><line number="229" hits="6"/><line number="230" hits="0"/><line number="232" hits="1"/><line number="233" hits="1"/><line number="235" hits="8"/><line number="240" hits="3"/><line number="241" hits="2"/><line number="245" hits="4"/><line number="246" hits="4"/><line number="259" hits="3"/><line number="260" hits="9"/><line number="264" hits="1"/><line number="265" hits="1"/><line number="271" hits="6"/><line number="272" hits="20"/><line number="273" hits="14"/><line number="274" hits="7"/><line number="275" hits="8"/><line number="276" hits="7"/><line number="281" hits="11"/><line number="282" hits="5"/><line number="284" hits="11"/><line number="290" hits="4"/><line number="291" hits="4"/><line number="293" hits="4"/><line number="299" hits="3"/><line number="300" hits="3"/><line number="301" hits="3"/><line number="305" hits="1"/><line number="306" hits="1"/><line number="307" hits="1"/><line number="312" hits="0"/><line number="313" hits="0"/><line number="321" hits="6"/><line number="322" hits="4"/><line number="323" hits="8"/><line number="352" hits="5"/><line number="353" hits="11"/><line number="354" hits="5"/><line number="361" hits="7"/><line number="362" hits="8"/><line number="363" hits="7"/><line number="368" hits="4"/><line number="369" hits="10"/><line number="370" hits="14"/><line number="371" hits="4"/><line number="373" hits="12"/><line number="374" hits="8"/><line number="375" hits="4"/><line number="382" hits="3"/><line number="383" hits="4"/><line number="384" hits="3"/><line number="389" hits="3"/><line number="390" hits="4"/><line number="391" hits="7"/><line number="392" hits="3"/><line number="393" hits="17"/><line number="394" hits="9"/><line number="395" hits="3"/><line number="398" hits="8"/><line number="406" hits="5"/><line number="407" hits="16"/><line number="409" hits="11"/><line number="411" hits="5"/><line number="413" hits="1"/><line number="414" hits="11"/><line number="415" hits="15"/><line number="416" hits="11"/><line number="418" hits="4"/><line number="419" hits="4"/><line number="420" hits="8"/><line number="421" hits="4"/><line number="422" hits="3"/><line number="423" hits="3"/><line number="425" hits="1"/><line number="436" hits="4"/><line number="437" hits="8"/><line number="439" hits="4"/><line number="441" hits="4"/><line number="443" hits="1"/><line number="444" hits="5"/><line number="445" hits="13"/><line number="446" hits="7"/><line number="448" hits="2"/><line number="449" hits="4"/><line number="450" hits="4"/><line number="451" hits="2"/><line number="452" hits="3"/><line number="453" hits="2"/><line number="455" hits="1"/><line number="464" hits="6"/><line number="465" hits="9"/><line number="466" hits="7"/><line number="467" hits="2"/><line number="468" hits="1"/><line number="469" hits="3"/><line number="470" hits="1"/><line number="478" hits="7"/><line number="479" hits="6"/><line number="480" hits="7"/><line number="481" hits="0"/><line number="482" hits="0"/></lines></class></classes></package><package name="../../../../../usr/include" line-rate="0" branch-rate="0" complexity="0"><classes><class name="pthread" filename="../../../../../usr/include/pthread.h" line-rate="0" branch-rate="0" complexity="0"><methods/><lines><line number="1156" hits="0"/></lines></class><class name="stdlib" filename="../../../../../usr/include/stdlib.h" line-rate="0" branch-rate="0" complexity="0"><methods/><lines><line number="363" hits="0"/></lines></class></classes></package><package name="swim_client/src/router/outgoing" line-rate="0.9117647058823529" branch-rate="0" complexity="0"><classes><class name="mod" filename="swim_client/src/router/outgoing/mod.rs" line-rate="0.9117647058823529" branch-rate="0" complexity="0"><methods/><lines><line number="52" hits="2"/><line number="66" hits="14"/><line number="67" hits="0"/><line number="68" hits="2"/><line number="69" hits="2"/><line number="70" hits="2"/><line number="71" hits="2"/><line number="72" hits="0"/><line number="74" hits="2"/><line number="76" hits="7"/><line number="77" hits="15"/><line number="79" hits="6"/><line number="80" hits="2"/><line number="82" hits="4"/><line number="84" hits="7"/><line number="85" hits="4"/><line number="86" hits="2"/><line number="87" hits="6"/><line number="89" hits="11"/><line number="90" hits="0"/><line number="91" hits="1"/><line number="92" hits="5"/><line number="93" hits="1"/><line number="96" hits="9"/><line number="98" hits="5"/><line number="99" hits="8"/><line number="100" hits="4"/><line number="101" hits="1"/><line number="102" hits="1"/><line number="106" hits="8"/><line number="111" hits="2"/><line number="115" hits="2"/><line number="116" hits="4"/><line number="117" hits="2"/></lines></class></classes></package><package name="swim_client/src/downlink/subscription/tests/harness" line-rate="NaN" branch-rate="0" complexity="0"><classes></classes></package><package name="swim_client/src/downlink/any" line-rate="0.36585365853658536" branch-rate="0" complexity="0"><classes><class name="mod" filename="swim_client/src/downlink/any/mod.rs" line-rate="0.36585365853658536" branch-rate="0" complexity="0"><methods/><lines><line number="47" hits="0"/><line number="48" hits="0"/><line number="49" hits="0"/><line number="50" hits="0"/><line number="51" hits="0"/><line number="77" hits="2"/><line number="78" hits="2"/><line number="79" hits="4"/><line number="80" hits="0"/><line number="81" hits="0"/><line number="87" hits="4"/><line number="88" hits="4"/><line number="89" hits="6"/><line number="90" hits="2"/><line number="91" hits="2"/><line number="95" hits="2"/><line number="96" hits="4"/><line number="97" hits="4"/><line number="98" hits="0"/><line number="99" hits="0"/><line number="100" hits="0"/><line number="105" hits="4"/><line number="106" hits="10"/><line number="107" hits="12"/><line number="108" hits="2"/><line number="109" hits="4"/><line number="114" hits="2"/><line number="115" hits="2"/><line number="116" hits="4"/><line number="117" hits="0"/><line number="118" hits="0"/><line number="123" hits="8"/><line number="124" hits="10"/><line number="125" hits="16"/><line number="126" hits="2"/><line number="127" hits="2"/><line number="133" hits="0"/><line number="134" hits="0"/><line number="135" hits="0"/><line number="136" hits="0"/><line number="137" hits="0"/><line number="146" hits="0"/><line number="147" hits="0"/><line number="150" hits="0"/><line number="151" hits="0"/><line number="166" hits="0"/><line number="167" hits="0"/><line number="168" hits="0"/><line number="169" hits="0"/><line number="170" hits="0"/><line number="171" hits="0"/><line number="201" hits="2"/><line number="202" hits="4"/><line number="203" hits="8"/><line number="204" hits="0"/><line number="205" hits="0"/><line number="218" hits="2"/><line number="219" hits="2"/><line number="220" hits="4"/><line number="221" hits="0"/><line number="222" hits="0"/><line number="234" hits="0"/><line number="235" hits="0"/><line number="236" hits="0"/><line number="237" hits="0"/><line number="238" hits="0"/><line number="256" hits="0"/><line number="257" hits="0"/><line number="258" hits="0"/><line number="259" hits="0"/><line number="260" hits="0"/><line number="272" hits="0"/><line number="273" hits="0"/><line number="274" hits="0"/><line number="275" hits="0"/><line number="276" hits="0"/><line number="278" hits="0"/><line number="279" hits="0"/><line number="280" hits="0"/><line number="282" hits="0"/><line number="283" hits="0"/><line number="284" hits="0"/></lines></class></classes></package><package name="swim_common/src/form/tests/derive/form" line-rate="NaN" branch-rate="0" complexity="0"><classes></classes></package><package name="swim_common/src/model/parser" line-rate="0.8138801261829653" branch-rate="0" complexity="0"><classes><class name="mod" filename="swim_common/src/model/parser/mod.rs" line-rate="0.8142011834319527" branch-rate="0" complexity="0"><methods/><lines><line number="53" hits="13"/><line number="54" hits="309"/><line number="55" hits="13"/><line number="56" hits="16"/><line number="57" hits="4"/><line number="58" hits="4"/><line number="59" hits="4"/><line number="60" hits="4"/><line number="61" hits="5"/><line number="62" hits="4"/><line number="63" hits="4"/><line number="64" hits="4"/><line number="65" hits="4"/><line number="66" hits="6"/><line number="67" hits="6"/><line number="68" hits="6"/><line number="69" hits="6"/><line number="87" hits="14"/><line number="88" hits="17"/><line number="107" hits="2"/><line number="108" hits="5"/><line number="109" hits="1"/><line number="111" hits="2"/><line number="112" hits="6"/><line number="113" hits="4"/><line number="114" hits="2"/><line number="171" hits="2"/><line number="172" hits="2"/><line number="173" hits="4"/><line number="174" hits="2"/><line number="176" hits="0"/><line number="177" hits="0"/><line number="179" hits="0"/><line number="181" hits="0"/><line number="182" hits="0"/><line number="184" hits="0"/><line number="185" hits="0"/><line number="194" hits="0"/><line number="195" hits="0"/><line number="200" hits="0"/><line number="201" hits="0"/><line number="207" hits="12"/><line number="208" hits="24"/><line number="213" hits="12"/><line number="214" hits="12"/><line number="216" hits="18"/><line number="217" hits="15"/><line number="218" hits="13"/><line number="219" hits="5"/><line number="220" hits="31"/><line number="221" hits="15"/><line number="222" hits="0"/><line number="223" hits="0"/><line number="225" hits="2"/><line number="226" hits="3"/><line number="228" hits="2"/><line number="229" hits="3"/><line number="231" hits="13"/><line number="233" hits="0"/><line number="240" hits="1"/><line number="241" hits="1"/><line number="243" hits="1"/><line number="245" hits="2"/><line number="246" hits="4"/><line number="247" hits="2"/><line number="248" hits="4"/><line number="249" hits="2"/><line number="250" hits="1"/><line number="251" hits="1"/><line number="253" hits="1"/><line number="257" hits="1"/><line number="261" hits="3"/><line number="262" hits="3"/><line number="263" hits="7"/><line number="264" hits="4"/><line number="265" hits="6"/><line number="266" hits="6"/><line number="267" hits="6"/><line number="268" hits="6"/><line number="269" hits="3"/><line number="273" hits="2"/><line number="278" hits="3"/><line number="279" hits="3"/><line number="280" hits="1"/><line number="281" hits="1"/><line number="282" hits="1"/><line number="284" hits="1"/><line number="286" hits="2"/><line number="287" hits="0"/><line number="292" hits="1"/><line number="293" hits="2"/><line number="294" hits="0"/><line number="297" hits="3"/><line number="298" hits="1"/><line number="299" hits="1"/><line number="300" hits="1"/><line number="301" hits="1"/><line number="303" hits="3"/><line number="304" hits="2"/><line number="305" hits="1"/><line number="307" hits="1"/><line number="308" hits="1"/><line number="311" hits="3"/><line number="312" hits="2"/><line number="313" hits="2"/><line number="315" hits="1"/><line number="316" hits="1"/><line number="317" hits="2"/><line number="320" hits="0"/><line number="323" hits="1"/><line number="325" hits="1"/><line number="327" hits="0"/><line number="331" hits="1"/><line number="335" hits="4"/><line number="336" hits="3"/><line number="337" hits="2"/><line number="338" hits="2"/><line number="339" hits="1"/><line number="340" hits="1"/><line number="342" hits="2"/><line number="343" hits="1"/><line number="344" hits="1"/><line number="346" hits="0"/><line number="351" hits="1"/><line number="354" hits="1"/><line number="355" hits="5"/><line number="356" hits="3"/><line number="357" hits="3"/><line number="358" hits="0"/><line number="361" hits="3"/><line number="366" hits="2"/><line number="368" hits="4"/><line number="370" hits="2"/><line number="371" hits="1"/><line number="372" hits="1"/><line number="373" hits="4"/><line number="374" hits="2"/><line number="375" hits="1"/><line number="377" hits="1"/><line number="380" hits="2"/><line number="385" hits="1"/><line number="386" hits="6"/><line number="387" hits="4"/><line number="392" hits="2"/><line number="394" hits="6"/><line number="395" hits="4"/><line number="401" hits="12"/><line number="402" hits="12"/><line number="403" hits="7"/><line number="404" hits="10"/><line number="405" hits="4"/><line number="406" hits="0"/><line number="407" hits="0"/><line number="409" hits="4"/><line number="411" hits="2"/><line number="412" hits="0"/><line number="420" hits="5"/><line number="421" hits="5"/><line number="422" hits="10"/><line number="424" hits="10"/><line number="425" hits="16"/><line number="426" hits="5"/><line number="427" hits="10"/><line number="428" hits="1"/><line number="429" hits="1"/><line number="431" hits="5"/><line number="434" hits="1"/><line number="435" hits="1"/><line number="436" hits="5"/><line number="437" hits="2"/><line number="438" hits="1"/><line number="439" hits="0"/><line number="440" hits="0"/><line number="441" hits="1"/><line number="442" hits="1"/><line number="443" hits="1"/><line number="444" hits="0"/><line number="447" hits="1"/><line number="448" hits="1"/><line number="449" hits="1"/><line number="451" hits="1"/><line number="452" hits="1"/><line number="453" hits="2"/><line number="454" hits="1"/><line number="456" hits="1"/><line number="457" hits="2"/><line number="458" hits="1"/><line number="460" hits="1"/><line number="461" hits="2"/><line number="462" hits="1"/><line number="464" hits="1"/><line number="465" hits="1"/><line number="466" hits="2"/><line number="469" hits="1"/><line number="470" hits="1"/><line number="472" hits="0"/><line number="474" hits="0"/><line number="475" hits="0"/><line number="476" hits="0"/><line number="482" hits="10"/><line number="483" hits="0"/><line number="485" hits="5"/><line number="551" hits="16"/><line number="552" hits="3"/><line number="553" hits="6"/><line number="554" hits="0"/><line number="555" hits="0"/><line number="556" hits="0"/><line number="557" hits="0"/><line number="558" hits="0"/><line number="559" hits="0"/><line number="560" hits="0"/><line number="561" hits="0"/><line number="562" hits="6"/><line number="563" hits="13"/><line number="568" hits="15"/><line number="569" hits="33"/><line number="570" hits="18"/><line number="571" hits="6"/><line number="572" hits="3"/><line number="573" hits="0"/><line number="574" hits="6"/><line number="575" hits="1"/><line number="576" hits="2"/><line number="577" hits="2"/><line number="578" hits="1"/><line number="579" hits="1"/><line number="580" hits="0"/><line number="589" hits="4"/><line number="590" hits="14"/><line number="608" hits="13"/><line number="609" hits="16"/><line number="610" hits="16"/><line number="611" hits="0"/><line number="612" hits="0"/><line number="613" hits="0"/><line number="614" hits="0"/><line number="615" hits="0"/><line number="616" hits="0"/><line number="617" hits="0"/><line number="618" hits="0"/><line number="634" hits="3"/><line number="645" hits="13"/><line number="646" hits="3"/><line number="647" hits="13"/><line number="651" hits="12"/><line number="652" hits="2"/><line number="653" hits="12"/><line number="658" hits="5"/><line number="665" hits="14"/><line number="666" hits="67"/><line number="667" hits="20"/><line number="668" hits="20"/><line number="669" hits="25"/><line number="671" hits="15"/><line number="672" hits="40"/><line number="673" hits="15"/><line number="674" hits="5"/><line number="677" hits="5"/><line number="678" hits="11"/><line number="679" hits="8"/><line number="680" hits="2"/><line number="681" hits="2"/><line number="683" hits="6"/><line number="684" hits="6"/><line number="685" hits="12"/><line number="686" hits="6"/><line number="687" hits="6"/><line number="690" hits="6"/><line number="691" hits="6"/><line number="692" hits="12"/><line number="693" hits="2"/><line number="694" hits="2"/><line number="696" hits="6"/><line number="697" hits="6"/><line number="701" hits="0"/><line number="702" hits="0"/><line number="703" hits="0"/><line number="708" hits="20"/><line number="709" hits="32"/><line number="710" hits="22"/><line number="711" hits="2"/><line number="712" hits="12"/><line number="713" hits="2"/><line number="715" hits="10"/><line number="718" hits="11"/><line number="719" hits="11"/><line number="720" hits="12"/><line number="722" hits="11"/><line number="723" hits="44"/><line number="727" hits="5"/><line number="728" hits="4"/><line number="729" hits="5"/><line number="730" hits="2"/><line number="732" hits="3"/><line number="735" hits="2"/><line number="736" hits="2"/><line number="737" hits="2"/><line number="739" hits="2"/><line number="740" hits="4"/><line number="744" hits="5"/><line number="745" hits="5"/><line number="746" hits="6"/><line number="747" hits="3"/><line number="748" hits="3"/><line number="750" hits="0"/><line number="751" hits="0"/><line number="752" hits="0"/><line number="755" hits="0"/><line number="756" hits="0"/><line number="757" hits="0"/><line number="758" hits="0"/><line number="759" hits="0"/><line number="761" hits="0"/><line number="762" hits="0"/><line number="765" hits="0"/><line number="769" hits="2"/><line number="770" hits="2"/><line number="771" hits="2"/><line number="773" hits="2"/><line number="774" hits="2"/><line number="778" hits="5"/><line number="779" hits="5"/><line number="780" hits="4"/><line number="781" hits="2"/><line number="782" hits="2"/><line number="784" hits="0"/><line number="785" hits="0"/><line number="786" hits="0"/><line number="790" hits="3"/><line number="791" hits="2"/><line number="792" hits="3"/><line number="794" hits="3"/><line number="795" hits="6"/><line number="799" hits="18"/><line number="800" hits="16"/><line number="802" hits="3"/><line number="803" hits="13"/><line number="804" hits="3"/><line number="807" hits="2"/><line number="808" hits="2"/><line number="809" hits="2"/><line number="812" hits="0"/><line number="817" hits="5"/><line number="822" hits="15"/><line number="823" hits="22"/><line number="825" hits="25"/><line number="828" hits="15"/><line number="830" hits="5"/><line number="833" hits="4"/><line number="834" hits="16"/><line number="837" hits="4"/><line number="838" hits="13"/><line number="841" hits="12"/><line number="846" hits="25"/><line number="847" hits="23"/><line number="848" hits="11"/><line number="849" hits="11"/><line number="850" hits="13"/><line number="851" hits="22"/><line number="852" hits="2"/><line number="854" hits="11"/><line number="857" hits="6"/><line number="858" hits="5"/><line number="859" hits="2"/><line number="860" hits="2"/><line number="861" hits="4"/><line number="862" hits="4"/><line number="863" hits="2"/><line number="865" hits="2"/><line number="868" hits="4"/><line number="869" hits="3"/><line number="870" hits="1"/><line number="871" hits="1"/><line number="873" hits="1"/><line number="874" hits="2"/><line number="875" hits="1"/><line number="876" hits="2"/><line number="879" hits="0"/><line number="880" hits="0"/><line number="888" hits="2"/><line number="893" hits="2"/><line number="894" hits="4"/><line number="895" hits="2"/><line number="896" hits="2"/><line number="899" hits="0"/><line number="900" hits="0"/><line number="907" hits="15"/><line number="914" hits="5"/><line number="915" hits="5"/><line number="917" hits="64"/><line number="918" hits="19"/><line number="919" hits="11"/><line number="920" hits="3"/><line number="921" hits="13"/><line number="922" hits="3"/><line number="923" hits="5"/><line number="924" hits="12"/><line number="925" hits="8"/><line number="926" hits="16"/><line number="927" hits="2"/><line number="928" hits="2"/><line number="929" hits="2"/><line number="930" hits="2"/><line number="932" hits="20"/><line number="933" hits="3"/><line number="934" hits="3"/><line number="935" hits="13"/><line number="938" hits="3"/><line number="939" hits="3"/><line number="942" hits="5"/><line number="943" hits="20"/><line number="944" hits="6"/><line number="945" hits="3"/><line number="946" hits="3"/><line number="947" hits="5"/><line number="948" hits="5"/><line number="951" hits="0"/><line number="952" hits="0"/><line number="953" hits="0"/><line number="956" hits="22"/><line number="957" hits="20"/><line number="958" hits="5"/><line number="959" hits="15"/><line number="960" hits="5"/><line number="962" hits="4"/><line number="963" hits="4"/><line number="964" hits="2"/><line number="966" hits="0"/><line number="967" hits="0"/><line number="968" hits="0"/><line number="971" hits="9"/><line number="972" hits="4"/><line number="973" hits="2"/><line number="974" hits="2"/><line number="975" hits="2"/><line number="978" hits="0"/><line number="979" hits="0"/><line number="980" hits="0"/><line number="983" hits="24"/><line number="984" hits="32"/><line number="985" hits="10"/><line number="986" hits="10"/><line number="987" hits="10"/><line number="989" hits="11"/><line number="990" hits="14"/><line number="991" hits="3"/><line number="994" hits="3"/><line number="995" hits="4"/><line number="996" hits="2"/><line number="997" hits="2"/><line number="998" hits="2"/><line number="1001" hits="0"/><line number="1002" hits="0"/><line number="1003" hits="0"/><line number="1007" hits="2"/><line number="1008" hits="2"/><line number="1009" hits="2"/><line number="1015" hits="2"/><line number="1019" hits="2"/><line number="1020" hits="2"/><line number="1021" hits="0"/><line number="1022" hits="0"/><line number="1023" hits="0"/><line number="1024" hits="0"/><line number="1026" hits="0"/><line number="1027" hits="0"/><line number="1028" hits="0"/><line number="1029" hits="0"/><line number="1031" hits="0"/><line number="1032" hits="0"/><line number="1035" hits="0"/><line number="1036" hits="0"/><line number="1038" hits="0"/><line number="1039" hits="0"/><line number="1040" hits="0"/><line number="1041" hits="0"/><line number="1043" hits="0"/><line number="1044" hits="0"/><line number="1047" hits="0"/><line number="1048" hits="0"/><line number="1050" hits="0"/><line number="1051" hits="2"/><line number="1056" hits="12"/><line number="1059" hits="24"/><line number="1063" hits="3"/><line number="1065" hits="3"/><line number="1067" hits="9"/><line number="1068" hits="12"/><line number="1070" hits="12"/><line number="1071" hits="27"/><line number="1073" hits="12"/><line number="1074" hits="29"/><line number="1075" hits="16"/><line number="1076" hits="14"/><line number="1077" hits="3"/><line number="1085" hits="2"/><line number="1087" hits="2"/><line number="1091" hits="2"/><line number="1092" hits="2"/><line number="1094" hits="2"/><line number="1095" hits="2"/><line number="1096" hits="2"/><line number="1097" hits="2"/><line number="1098" hits="2"/><line number="1099" hits="2"/><line number="1101" hits="2"/><line number="1103" hits="1"/><line number="1104" hits="1"/><line number="1105" hits="1"/><line number="1108" hits="2"/><line number="1124" hits="1"/><line number="1125" hits="1"/><line number="1139" hits="1"/><line number="1140" hits="2"/><line number="1145" hits="2"/><line number="1150" hits="6"/><line number="1151" hits="2"/><line number="1152" hits="2"/><line number="1153" hits="2"/><line number="1156" hits="27"/><line number="1157" hits="14"/><line number="1158" hits="4"/><line number="1159" hits="2"/><line number="1160" hits="2"/><line number="1161" hits="2"/><line number="1162" hits="2"/><line number="1164" hits="2"/><line number="1166" hits="12"/><line number="1167" hits="12"/><line number="1168" hits="24"/><line number="1169" hits="12"/><line number="1170" hits="12"/><line number="1171" hits="12"/><line number="1172" hits="12"/><line number="1174" hits="12"/><line number="1176" hits="1"/><line number="1177" hits="1"/><line number="1179" hits="0"/><line number="1182" hits="2"/><line number="1188" hits="6"/><line number="1194" hits="18"/><line number="1195" hits="6"/><line number="1196" hits="13"/><line number="1197" hits="13"/><line number="1200" hits="18"/><line number="1201" hits="14"/><line number="1202" hits="1"/><line number="1203" hits="1"/><line number="1204" hits="1"/><line number="1206" hits="0"/><line number="1207" hits="0"/><line number="1208" hits="0"/><line number="1209" hits="0"/><line number="1211" hits="13"/><line number="1212" hits="13"/><line number="1214" hits="0"/><line number="1216" hits="14"/><line number="1217" hits="0"/><line number="1219" hits="0"/><line number="1225" hits="13"/><line number="1231" hits="23"/><line number="1232" hits="13"/><line number="1233" hits="13"/><line number="1234" hits="13"/><line number="1237" hits="18"/><line number="1238" hits="17"/><line number="1239" hits="3"/><line number="1240" hits="3"/><line number="1242" hits="11"/><line number="1243" hits="11"/><line number="1244" hits="11"/><line number="1247" hits="0"/><line number="1250" hits="26"/><line number="1251" hits="13"/><line number="1252" hits="13"/><line number="1253" hits="13"/><line number="1254" hits="13"/><line number="1256" hits="13"/><line number="1258" hits="0"/><line number="1264" hits="13"/><line number="1271" hits="31"/><line number="1272" hits="41"/><line number="1278" hits="29"/><line number="1279" hits="20"/><line number="1283" hits="3"/><line number="1293" hits="7"/><line number="1294" hits="15"/><line number="1295" hits="7"/><line number="1296" hits="15"/><line number="1297" hits="15"/><line number="1299" hits="15"/><line number="1321" hits="13"/><line number="1323" hits="3"/><line number="1324" hits="13"/><line number="1325" hits="13"/><line number="1346" hits="12"/><line number="1347" hits="39"/><line number="1348" hits="3"/><line number="1349" hits="18"/><line number="1350" hits="8"/><line number="1351" hits="18"/><line number="1353" hits="4"/><line number="1354" hits="14"/><line number="1355" hits="9"/><line number="1356" hits="5"/><line number="1357" hits="0"/><line number="1358" hits="0"/><line number="1360" hits="15"/><line number="1361" hits="2"/><line number="1363" hits="2"/><line number="1364" hits="13"/><line number="1365" hits="13"/><line number="1367" hits="6"/><line number="1368" hits="6"/><line number="1375" hits="16"/><line number="1376" hits="18"/><line number="1377" hits="6"/><line number="1378" hits="16"/><line number="1379" hits="8"/><line number="1383" hits="2"/><line number="1390" hits="2"/><line number="1391" hits="12"/><line number="1392" hits="2"/><line number="1393" hits="12"/><line number="1400" hits="4"/><line number="1406" hits="14"/><line number="1408" hits="4"/><line number="1409" hits="15"/><line number="1410" hits="5"/><line number="1411" hits="15"/><line number="1414" hits="85"/><line number="1415" hits="24"/><line number="1416" hits="16"/><line number="1417" hits="14"/><line number="1418" hits="18"/><line number="1419" hits="5"/><line number="1420" hits="12"/><line number="1422" hits="8"/><line number="1423" hits="14"/><line number="1424" hits="6"/><line number="1426" hits="27"/><line number="1427" hits="17"/><line number="1428" hits="2"/><line number="1429" hits="10"/><line number="1433" hits="11"/><line number="1434" hits="19"/><line number="1435" hits="4"/><line number="1436" hits="16"/><line number="1439" hits="3"/><line number="1440" hits="5"/><line number="1442" hits="1"/><line number="1443" hits="9"/><line number="1444" hits="6"/><line number="1445" hits="0"/><line number="1446" hits="0"/><line number="1448" hits="0"/><line number="1449" hits="0"/><line number="1452" hits="0"/><line number="1453" hits="0"/><line number="1459" hits="7"/><line number="1467" hits="9"/><line number="1468" hits="24"/><line number="1469" hits="2"/><line number="1470" hits="4"/><line number="1471" hits="0"/><line number="1473" hits="0"/><line number="1477" hits="6"/><line number="1486" hits="38"/><line number="1487" hits="16"/><line number="1488" hits="4"/><line number="1489" hits="3"/><line number="1490" hits="3"/><line number="1492" hits="4"/><line number="1494" hits="13"/><line number="1496" hits="3"/><line number="1497" hits="3"/><line number="1498" hits="13"/><line number="1500" hits="13"/><line number="1502" hits="4"/><line number="1507" hits="2"/><line number="1508" hits="4"/><line number="1509" hits="4"/><line number="1510" hits="2"/><line number="1511" hits="2"/><line number="1513" hits="0"/><line number="1514" hits="0"/><line number="1517" hits="10"/><line number="1522" hits="4"/><line number="1523" hits="4"/><line number="1524" hits="6"/><line number="1526" hits="4"/><line number="1531" hits="2"/><line number="1532" hits="2"/><line number="1533" hits="2"/><line number="1535" hits="0"/><line number="1539" hits="17"/><line number="1547" hits="43"/><line number="1548" hits="17"/><line number="1549" hits="10"/><line number="1550" hits="12"/><line number="1551" hits="0"/><line number="1552" hits="0"/><line number="1553" hits="0"/><line number="1555" hits="0"/><line number="1556" hits="0"/><line number="1558" hits="26"/><line number="1559" hits="12"/><line number="1560" hits="24"/><line number="1562" hits="4"/><line number="1563" hits="2"/><line number="1564" hits="4"/><line number="1566" hits="0"/><line number="1570" hits="8"/><line number="1579" hits="57"/><line number="1580" hits="20"/><line number="1581" hits="2"/><line number="1582" hits="2"/><line number="1584" hits="5"/><line number="1585" hits="3"/><line number="1586" hits="3"/><line number="1588" hits="2"/><line number="1589" hits="13"/><line number="1590" hits="32"/><line number="1591" hits="24"/><line number="1592" hits="0"/><line number="1593" hits="0"/><line number="1595" hits="15"/><line number="1597" hits="2"/><line number="1598" hits="2"/><line number="1600" hits="3"/><line number="1601" hits="2"/><line number="1605" hits="5"/><line number="1615" hits="39"/><line number="1616" hits="15"/><line number="1617" hits="8"/><line number="1618" hits="2"/><line number="1620" hits="3"/><line number="1621" hits="3"/><line number="1623" hits="4"/><line number="1624" hits="4"/><line number="1625" hits="2"/><line number="1627" hits="2"/><line number="1628" hits="2"/><line number="1631" hits="3"/><line number="1632" hits="3"/><line number="1633" hits="3"/><line number="1637" hits="10"/><line number="1638" hits="10"/><line number="1639" hits="10"/><line number="1642" hits="19"/><line number="1643" hits="15"/><line number="1644" hits="0"/><line number="1645" hits="0"/><line number="1647" hits="4"/><line number="1649" hits="2"/><line number="1650" hits="2"/><line number="1652" hits="2"/><line number="1653" hits="2"/><line number="1657" hits="17"/><line number="1667" hits="28"/><line number="1668" hits="11"/><line number="1669" hits="3"/><line number="1670" hits="3"/><line number="1671" hits="3"/><line number="1673" hits="4"/><line number="1674" hits="5"/><line number="1675" hits="5"/><line number="1676" hits="5"/><line number="1678" hits="7"/><line number="1679" hits="5"/><line number="1680" hits="5"/><line number="1682" hits="14"/><line number="1683" hits="0"/><line number="1687" hits="6"/><line number="1697" hits="35"/><line number="1699" hits="10"/><line number="1700" hits="10"/><line number="1701" hits="10"/><line number="1704" hits="12"/><line number="1705" hits="35"/><line number="1706" hits="20"/><line number="1707" hits="14"/><line number="1708" hits="6"/><line number="1710" hits="0"/><line number="1711" hits="0"/><line number="1713" hits="4"/><line number="1714" hits="2"/><line number="1715" hits="2"/><line number="1716" hits="2"/><line number="1718" hits="0"/><line number="1719" hits="0"/><line number="1720" hits="0"/><line number="1721" hits="0"/><line number="1723" hits="2"/><line number="1724" hits="2"/><line number="1725" hits="2"/><line number="1727" hits="0"/><line number="1731" hits="14"/><line number="1740" hits="40"/><line number="1741" hits="10"/><line number="1742" hits="2"/><line number="1743" hits="2"/><line number="1745" hits="3"/><line number="1746" hits="3"/><line number="1747" hits="3"/><line number="1749" hits="25"/><line number="1750" hits="24"/><line number="1752" hits="0"/><line number="1762" hits="2"/><line number="1763" hits="2"/><line number="1767" hits="2"/><line number="1772" hits="6"/><line number="1773" hits="4"/><line number="1774" hits="0"/><line number="1775" hits="0"/><line number="1776" hits="0"/><line number="1777" hits="0"/><line number="1779" hits="0"/><line number="1783" hits="2"/><line number="1784" hits="2"/><line number="1785" hits="2"/><line number="1786" hits="4"/><line number="1787" hits="2"/><line number="1788" hits="0"/><line number="1789" hits="1"/><line number="1791" hits="1"/><line number="1792" hits="1"/><line number="1795" hits="2"/><line number="1799" hits="2"/><line number="1800" hits="1"/><line number="1814" hits="2"/><line number="1815" hits="3"/><line number="1816" hits="4"/><line number="1817" hits="0"/><line number="1821" hits="1"/><line number="1822" hits="2"/><line number="1823" hits="2"/><line number="1824" hits="2"/><line number="1825" hits="2"/><line number="1826" hits="2"/><line number="1827" hits="0"/><line number="1828" hits=
[...]
er="104" hits="0"/><line number="105" hits="0"/><line number="106" hits="0"/><line number="108" hits="0"/><line number="118" hits="0"/><line number="119" hits="0"/><line number="121" hits="0"/><line number="122" hits="0"/><line number="123" hits="0"/><line number="124" hits="0"/><line number="125" hits="0"/><line number="126" hits="0"/><line number="128" hits="0"/><line number="155" hits="9"/><line number="156" hits="11"/><line number="160" hits="88"/><line number="165" hits="97"/></lines></class><class name="time" filename="swim_runtime/src/time.rs" line-rate="0.53125" branch-rate="0" complexity="0"><methods/><lines><line number="36" hits="1"/><line number="39" hits="1"/><line number="43" hits="0"/><line number="44" hits="0"/><line number="45" hits="0"/><line number="46" hits="0"/><line number="54" hits="1"/><line number="58" hits="1"/><line number="93" hits="2"/><line number="96" hits="4"/><line number="100" hits="0"/><line number="106" hits="4"/><line number="109" hits="2"/><line number="135" hits="5"/><line number="138" hits="3"/><line number="144" hits="0"/><line number="151" hits="2"/><line number="152" hits="1"/><line number="180" hits="0"/><line number="181" hits="0"/><line number="186" hits="0"/><line number="210" hits="0"/><line number="211" hits="0"/><line number="219" hits="0"/><line number="220" hits="0"/><line number="227" hits="0"/><line number="228" hits="0"/><line number="243" hits="5"/><line number="247" hits="3"/><line number="266" hits="3"/><line number="267" hits="9"/><line number="268" hits="9"/></lines></class></classes></package><package name="swim_wasm/src" line-rate="NaN" branch-rate="0" complexity="0"><classes></classes></package><package name="utilities/macro_helpers/src" line-rate="0" branch-rate="0" complexity="0"><classes><class name="lib" filename="utilities/macro_helpers/src/lib.rs" line-rate="0" branch-rate="0" complexity="0"><methods/><lines><line number="22" hits="0"/><line number="23" hits="0"/><line number="28" hits="0"/><line number="29" hits="0"/><line number="34" hits="0"/><line number="35" hits="0"/><line number="40" hits="0"/><line number="41" hits="0"/><line number="46" hits="0"/><line number="47" hits="0"/><line number="59" hits="0"/><line number="60" hits="0"/><line number="61" hits="0"/><line number="62" hits="0"/><line number="63" hits="0"/><line number="90" hits="0"/><line number="91" hits="0"/><line number="100" hits="0"/><line number="101" hits="0"/><line number="102" hits="0"/><line number="103" hits="0"/><line number="104" hits="0"/><line number="110" hits="0"/><line number="111" hits="0"/><line number="112" hits="0"/><line number="113" hits="0"/><line number="114" hits="0"/><line number="120" hits="0"/><line number="121" hits="0"/><line number="122" hits="0"/><line number="123" hits="0"/><line number="124" hits="0"/><line number="137" hits="0"/><line number="138" hits="0"/><line number="139" hits="0"/><line number="143" hits="0"/><line number="144" hits="0"/><line number="145" hits="0"/><line number="146" hits="0"/><line number="147" hits="0"/><line number="153" hits="0"/><line number="154" hits="0"/><line number="155" hits="0"/><line number="170" hits="0"/><line number="175" hits="0"/><line number="177" hits="0"/><line number="178" hits="0"/><line number="179" hits="0"/><line number="181" hits="0"/><line number="182" hits="0"/><line number="184" hits="0"/><line number="185" hits="0"/><line number="186" hits="0"/><line number="191" hits="0"/><line number="192" hits="0"/><line number="193" hits="0"/><line number="194" hits="0"/><line number="195" hits="0"/><line number="196" hits="0"/><line number="199" hits="0"/><line number="200" hits="0"/><line number="201" hits="0"/><line number="202" hits="0"/><line number="203" hits="0"/><line number="211" hits="0"/><line number="216" hits="0"/><line number="217" hits="0"/><line number="219" hits="0"/><line number="220" hits="0"/><line number="221" hits="0"/><line number="222" hits="0"/><line number="223" hits="0"/><line number="224" hits="0"/><line number="226" hits="0"/><line number="228" hits="0"/><line number="229" hits="0"/><line number="230" hits="0"/><line number="236" hits="0"/><line number="237" hits="0"/><line number="238" hits="0"/><line number="239" hits="0"/><line number="240" hits="0"/><line number="242" hits="0"/><line number="243" hits="0"/><line number="244" hits="0"/><line number="245" hits="0"/><line number="246" hits="0"/><line number="251" hits="0"/><line number="252" hits="0"/></lines></class></classes></package><package name="stm/src" line-rate="0.827354260089686" branch-rate="0" complexity="0"><classes></classes></package><package name="swim_server/src/agent/lane/channels" line-rate="0.73875" branch-rate="0" complexity="0"><classes><class name="mod" filename="swim_server/src/agent/lane/channels/mod.rs" line-rate="1" branch-rate="0" complexity="0"><methods/><lines><line number="56" hits="1"/><line number="57" hits="1"/><line number="66" hits="1"/><line number="69" hits="1"/><line number="70" hits="1"/><line number="71" hits="1"/></lines></class></classes></package><package name="swim_server/src/agent/lane/channels/uplink/action" line-rate="0.7232142857142857" branch-rate="0" complexity="0"><classes><class name="mod" filename="swim_server/src/agent/lane/channels/uplink/action/mod.rs" line-rate="0.7232142857142857" branch-rate="0" complexity="0"><methods/><lines><line number="43" hits="2"/><line number="59" hits="5"/><line number="67" hits="5"/><line number="69" hits="6"/><line number="70" hits="0"/><line number="72" hits="14"/><line number="73" hits="14"/><line number="74" hits="14"/><line number="76" hits="13"/><line number="77" hits="48"/><line number="78" hits="0"/><line number="79" hits="0"/><line number="82" hits="7"/><line number="83" hits="19"/><line number="84" hits="24"/><line number="85" hits="5"/><line number="86" hits="0"/><line number="88" hits="22"/><line number="89" hits="4"/><line number="90" hits="22"/><line number="91" hits="17"/><line number="92" hits="0"/><line number="95" hits="0"/><line number="96" hits="2"/><line number="97" hits="5"/><line number="98" hits="8"/><line number="99" hits="8"/><line number="100" hits="2"/><line number="101" hits="8"/><line number="102" hits="6"/><line number="104" hits="0"/><line number="107" hits="0"/><line number="108" hits="0"/><line number="110" hits="0"/><line number="113" hits="4"/><line number="114" hits="3"/><line number="115" hits="0"/><line number="119" hits="0"/><line number="120" hits="8"/><line number="121" hits="6"/><line number="122" hits="0"/><line number="126" hits="0"/><line number="127" hits="3"/><line number="132" hits="14"/><line number="133" hits="22"/><line number="134" hits="0"/><line number="135" hits="0"/><line number="136" hits="0"/><line number="139" hits="22"/><line number="140" hits="14"/><line number="147" hits="2"/><line number="148" hits="2"/><line number="168" hits="6"/><line number="171" hits="6"/><line number="179" hits="7"/><line number="192" hits="0"/><line number="193" hits="4"/><line number="194" hits="7"/><line number="195" hits="4"/><line number="196" hits="7"/><line number="197" hits="0"/><line number="198" hits="0"/><line number="199" hits="12"/><line number="200" hits="9"/><line number="201" hits="3"/><line number="202" hits="13"/><line number="203" hits="14"/><line number="204" hits="0"/><line number="206" hits="0"/><line number="213" hits="4"/><line number="218" hits="7"/><line number="219" hits="26"/><line number="220" hits="3"/><line number="221" hits="1"/><line number="230" hits="31"/><line number="231" hits="11"/><line number="232" hits="15"/><line number="233" hits="3"/><line number="234" hits="1"/><line number="240" hits="12"/><line number="241" hits="0"/><line number="242" hits="2"/><line number="243" hits="2"/><line number="244" hits="2"/><line number="245" hits="2"/><line number="246" hits="2"/><line number="247" hits="0"/><line number="248" hits="2"/><line number="249" hits="6"/><line number="250" hits="3"/><line number="251" hits="0"/><line number="253" hits="1"/><line number="254" hits="1"/><line number="255" hits="4"/><line number="256" hits="4"/><line number="257" hits="8"/><line number="258" hits="2"/><line number="260" hits="0"/><line number="265" hits="38"/><line number="266" hits="0"/><line number="267" hits="7"/><line number="268" hits="4"/><line number="269" hits="0"/><line number="270" hits="0"/><line number="271" hits="22"/><line number="272" hits="4"/><line number="273" hits="16"/><line number="274" hits="0"/><line number="280" hits="6"/><line number="281" hits="5"/><line number="282" hits="1"/><line number="286" hits="0"/></lines></class></classes></package><package name="swim_server/src/agent/dispatch/pending/tests" line-rate="NaN" branch-rate="0" complexity="0"><classes></classes></package><package name="swim_server/src/agent/lane/lifecycle" line-rate="1" branch-rate="0" complexity="0"><classes><class name="mod" filename="swim_server/src/agent/lane/lifecycle/mod.rs" line-rate="1" branch-rate="0" complexity="0"><methods/><lines><line number="103" hits="1"/><line number="104" hits="1"/><line number="112" hits="1"/><line number="117" hits="1"/><line number="120" hits="1"/><line number="126" hits="1"/><line number="133" hits="1"/><line number="134" hits="1"/><line number="142" hits="1"/><line number="147" hits="1"/><line number="150" hits="1"/><line number="156" hits="1"/><line number="163" hits="1"/><line number="164" hits="1"/><line number="172" hits="1"/><line number="177" hits="1"/><line number="180" hits="1"/><line number="186" hits="1"/></lines></class></classes></package><package name="swim_client/src/downlink/subscription/envelopes" line-rate="0.803921568627451" branch-rate="0" complexity="0"><classes><class name="mod" filename="swim_client/src/downlink/subscription/envelopes/mod.rs" line-rate="0.803921568627451" branch-rate="0" complexity="0"><methods/><lines><line number="27" hits="4"/><line number="35" hits="8"/><line number="37" hits="4"/><line number="38" hits="4"/><line number="39" hits="4"/><line number="40" hits="2"/><line number="41" hits="2"/><line number="42" hits="2"/><line number="44" hits="0"/><line number="45" hits="0"/><line number="46" hits="0"/><line number="47" hits="0"/><line number="49" hits="7"/><line number="50" hits="4"/><line number="51" hits="2"/><line number="52" hits="4"/><line number="54" hits="2"/><line number="55" hits="2"/><line number="56" hits="2"/><line number="57" hits="2"/><line number="64" hits="1"/><line number="68" hits="1"/><line number="72" hits="1"/><line number="76" hits="1"/><line number="80" hits="0"/><line number="84" hits="0"/><line number="93" hits="1"/><line number="94" hits="3"/><line number="97" hits="1"/><line number="98" hits="4"/><line number="100" hits="1"/><line number="102" hits="1"/><line number="106" hits="1"/><line number="110" hits="1"/><line number="113" hits="2"/><line number="115" hits="1"/><line number="116" hits="0"/><line number="130" hits="4"/><line number="131" hits="4"/><line number="134" hits="1"/><line number="137" hits="5"/><line number="139" hits="1"/><line number="141" hits="1"/><line number="145" hits="1"/><line number="149" hits="1"/><line number="152" hits="4"/><line number="154" hits="3"/><line number="155" hits="4"/><line number="156" hits="0"/><line number="159" hits="0"/><line number="160" hits="0"/></lines></class></classes></package><package name="swim_server/src/agent/dispatch/selector" line-rate="0.875" branch-rate="0" complexity="0"><classes><class name="mod" filename="swim_server/src/agent/dispatch/selector/mod.rs" line-rate="0.875" branch-rate="0" complexity="0"><methods/><lines><line number="38" hits="11"/><line number="39" hits="12"/><line number="40" hits="23"/><line number="41" hits="11"/><line number="54" hits="11"/><line number="55" hits="11"/><line number="56" hits="11"/><line number="60" hits="2"/><line number="61" hits="2"/><line number="62" hits="4"/><line number="67" hits="4"/><line number="68" hits="4"/><line number="69" hits="4"/><line number="83" hits="3"/><line number="85" hits="3"/><line number="93" hits="4"/><line number="94" hits="14"/><line number="95" hits="0"/><line number="96" hits="0"/><line number="97" hits="0"/><line number="100" hits="4"/><line number="101" hits="8"/><line number="102" hits="5"/><line number="105" hits="11"/></lines></class></classes></package><package name="swim_server/src/agent/lane/model/value" line-rate="0.5151515151515151" branch-rate="0" complexity="0"><classes><class name="mod" filename="swim_server/src/agent/lane/model/value/mod.rs" line-rate="0.5151515151515151" branch-rate="0" complexity="0"><methods/><lines><line number="42" hits="2"/><line number="44" hits="3"/><line number="50" hits="2"/><line number="52" hits="2"/><line number="63" hits="1"/><line number="64" hits="1"/><line number="69" hits="3"/><line number="74" hits="3"/><line number="75" hits="6"/><line number="76" hits="6"/><line number="77" hits="3"/><line number="78" hits="3"/><line number="83" hits="0"/><line number="92" hits="0"/><line number="93" hits="0"/><line number="94" hits="0"/><line number="95" hits="0"/><line number="96" hits="0"/><line number="101" hits="1"/><line number="102" hits="1"/><line number="106" hits="2"/><line number="107" hits="3"/><line number="111" hits="7"/><line number="112" hits="4"/><line number="116" hits="6"/><line number="117" hits="3"/><line number="164" hits="1"/><line number="165" hits="1"/><line number="166" hits="2"/><line number="167" hits="1"/><line number="168" hits="1"/><line number="171" hits="0"/><line number="176" hits="0"/><line number="177" hits="0"/><line number="178" hits="0"/><line number="179" hits="0"/><line number="180" hits="0"/><line number="181" hits="0"/><line number="182" hits="0"/><line number="183" hits="0"/><line number="202" hits="1"/><line number="203" hits="2"/><line number="204" hits="2"/><line number="205" hits="1"/><line number="208" hits="0"/><line number="213" hits="0"/><line number="214" hits="0"/><line number="215" hits="0"/><line number="216" hits="0"/><line number="217" hits="0"/><line number="218" hits="0"/><line number="219" hits="0"/><line number="237" hits="1"/><line number="238" hits="1"/><line number="239" hits="2"/><line number="240" hits="2"/><line number="241" hits="1"/><line number="244" hits="0"/><line number="249" hits="0"/><line number="250" hits="0"/><line number="251" hits="0"/><line number="252" hits="0"/><line number="253" hits="0"/><line number="254" hits="0"/><line number="255" hits="0"/><line number="256" hits="0"/></lines></class></classes></package><package name="swim_server/src/agent/lane/model/map/summary" line-rate="0.8615384615384616" branch-rate="0" complexity="0"><classes><class name="mod" filename="swim_server/src/agent/lane/model/map/summary/mod.rs" line-rate="0.8615384615384616" branch-rate="0" complexity="0"><methods/><lines><line number="37" hits="2"/><line number="38" hits="0"/><line number="39" hits="3"/><line number="40" hits="0"/><line number="59" hits="3"/><line number="60" hits="0"/><line number="61" hits="7"/><line number="62" hits="3"/><line number="63" hits="7"/><line number="64" hits="0"/><line number="65" hits="3"/><line number="66" hits="7"/><line number="67" hits="1"/><line number="69" hits="3"/><line number="70" hits="2"/><line number="72" hits="7"/><line number="74" hits="5"/><line number="75" hits="2"/><line number="78" hits="8"/><line number="79" hits="1"/><line number="81" hits="16"/><line number="82" hits="2"/><line number="83" hits="7"/><line number="84" hits="8"/><line number="85" hits="1"/><line number="87" hits="2"/><line number="89" hits="0"/><line number="92" hits="2"/><line number="96" hits="2"/><line number="102" hits="1"/><line number="105" hits="1"/><line number="109" hits="1"/><line number="114" hits="2"/><line number="116" hits="3"/><line number="120" hits="1"/><line number="124" hits="2"/><line number="126" hits="3"/><line number="131" hits="2"/><line number="135" hits="2"/><line number="140" hits="5"/><line number="141" hits="1"/><line number="142" hits="6"/><line number="151" hits="1"/><line number="152" hits="1"/><line number="153" hits="1"/><line number="162" hits="1"/><line number="163" hits="0"/><line number="164" hits="1"/><line number="165" hits="1"/><line number="166" hits="2"/><line number="167" hits="0"/><line number="169" hits="1"/><line number="170" hits="2"/><line number="171" hits="1"/><line number="176" hits="1"/><line number="177" hits="0"/><line number="178" hits="1"/><line number="179" hits="1"/><line number="180" hits="1"/><line number="181" hits="0"/><line number="183" hits="1"/><line number="184" hits="1"/><line number="185" hits="1"/><line number="191" hits="5"/><line number="195" hits="6"/></lines></class></classes></package><package name="stm/src/local" line-rate="0.7083333333333334" branch-rate="0" complexity="0"><classes><class name="mod" filename="stm/src/local/mod.rs" line-rate="0.7083333333333334" branch-rate="0" complexity="0"><methods/><lines><line number="34" hits="4"/><line number="35" hits="8"/><line number="36" hits="4"/><line number="37" hits="0"/><line number="41" hits="4"/><line number="46" hits="2"/><line number="47" hits="2"/><line number="51" hits="3"/><line number="52" hits="8"/><line number="57" hits="2"/><line number="59" hits="2"/><line number="60" hits="2"/><line number="66" hits="0"/><line number="67" hits="0"/><line number="74" hits="0"/><line number="75" hits="0"/><line number="80" hits="0"/><line number="81" hits="0"/><line number="90" hits="2"/><line number="91" hits="4"/><line number="92" hits="2"/><line number="101" hits="3"/><line number="102" hits="5"/><line number="103" hits="8"/></lines></class></classes></package><package name="swim_common/form_derive/src/form" line-rate="NaN" branch-rate="0" complexity="0"><classes></classes></package><package name="swim_client/src/downlink/typed/event" line-rate="0.9130434782608695" branch-rate="0" complexity="0"><classes><class name="mod" filename="swim_client/src/downlink/typed/event/mod.rs" line-rate="0.9130434782608695" branch-rate="0" complexity="0"><methods/><lines><line number="44" hits="2"/><line number="54" hits="1"/><line number="55" hits="1"/><line number="56" hits="1"/><line number="57" hits="2"/><line number="61" hits="1"/><line number="62" hits="1"/><line number="66" hits="1"/><line number="67" hits="1"/><line number="71" hits="2"/><line number="72" hits="6"/><line number="73" hits="4"/><line number="74" hits="4"/><line number="75" hits="0"/><line number="81" hits="1"/><line number="82" hits="1"/><line number="84" hits="2"/><line number="90" hits="1"/><line number="91" hits="1"/><line number="92" hits="3"/><line number="93" hits="1"/><line number="95" hits="0"/><line number="101" hits="1"/><line number="102" hits="1"/><line number="103" hits="3"/><line number="104" hits="1"/><line number="106" hits="0"/><line number="112" hits="2"/><line number="113" hits="2"/><line number="114" hits="6"/><line number="115" hits="2"/><line number="117" hits="0"/><line number="124" hits="2"/><line number="125" hits="3"/><line number="127" hits="4"/><line number="128" hits="7"/><line number="129" hits="3"/><line number="130" hits="2"/><line number="135" hits="3"/><line number="136" hits="6"/><line number="137" hits="5"/><line number="138" hits="3"/><line number="139" hits="2"/><line number="140" hits="1"/><line number="141" hits="1"/><line number="142" hits="1"/></lines></class></classes></package><package name="swim_server/src/agent/dispatch/tests" line-rate="NaN" branch-rate="0" complexity="0"><classes></classes></package><package name="swim_common/src/sink/item/either" line-rate="1" branch-rate="0" complexity="0"><classes><class name="mod" filename="swim_common/src/sink/item/either/mod.rs" line-rate="1" branch-rate="0" complexity="0"><methods/><lines><line number="30" hits="2"/><line number="43" hits="4"/><line number="44" hits="3"/><line number="45" hits="7"/><line number="46" hits="2"/></lines></class></classes></package></packages></coverage>